<?xml version="1.0" encoding="UTF-8"?>
<coverage generated="1763091383428" clover="3.2.0">
  <project timestamp="1763091383428" name="All files">
    <metrics statements="539" coveredstatements="475" conditionals="298" coveredconditionals="272" methods="43" coveredmethods="43" elements="880" coveredelements="790" complexity="0" loc="539" ncloc="539" packages="4" files="18" classes="18"/>
    <package name="controllers">
      <metrics statements="432" coveredstatements="369" conditionals="244" coveredconditionals="222" methods="30" coveredmethods="30"/>
      <file name="activityController.js" path="C:\Users\radit\Documents\Hacktiv8\Phase-3\Week3\CareConnect\server\controllers\activityController.js">
        <metrics statements="101" coveredstatements="85" conditionals="76" coveredconditionals="64" methods="8" coveredmethods="8"/>
        <line num="5" count="9" type="stmt"/>
        <line num="6" count="6" type="stmt"/>
        <line num="7" count="6" type="stmt"/>
        <line num="8" count="6" type="stmt"/>
        <line num="9" count="6" type="stmt"/>
        <line num="11" count="6" type="stmt"/>
        <line num="12" count="6" type="stmt"/>
        <line num="14" count="6" type="cond" truecount="2" falsecount="0"/>
        <line num="15" count="6" type="cond" truecount="2" falsecount="0"/>
        <line num="17" count="6" type="cond" truecount="2" falsecount="0"/>
        <line num="19" count="2" type="stmt"/>
        <line num="20" count="2" type="stmt"/>
        <line num="26" count="6" type="stmt"/>
        <line num="28" count="6" type="stmt"/>
        <line num="29" count="6" type="stmt"/>
        <line num="31" count="6" type="stmt"/>
        <line num="33" count="0" type="stmt"/>
        <line num="34" count="0" type="stmt"/>
        <line num="39" count="9" type="stmt"/>
        <line num="40" count="6" type="stmt"/>
        <line num="41" count="6" type="stmt"/>
        <line num="42" count="6" type="stmt"/>
        <line num="44" count="6" type="stmt"/>
        <line num="62" count="6" type="stmt"/>
        <line num="63" count="6" type="stmt"/>
        <line num="65" count="6" type="stmt"/>
        <line num="67" count="0" type="stmt"/>
        <line num="68" count="0" type="stmt"/>
        <line num="73" count="9" type="stmt"/>
        <line num="74" count="4" type="stmt"/>
        <line num="75" count="4" type="stmt"/>
        <line num="76" count="4" type="cond" truecount="2" falsecount="0"/>
        <line num="78" count="2" type="stmt"/>
        <line num="79" count="2" type="stmt"/>
        <line num="81" count="2" type="cond" truecount="2" falsecount="0"/>
        <line num="82" count="1" type="stmt"/>
        <line num="85" count="1" type="stmt"/>
        <line num="87" count="0" type="stmt"/>
        <line num="88" count="0" type="stmt"/>
        <line num="93" count="9" type="stmt"/>
        <line num="94" count="4" type="stmt"/>
        <line num="95" count="4" type="stmt"/>
        <line num="96" count="4" type="cond" truecount="2" falsecount="0"/>
        <line num="98" count="3" type="cond" truecount="1" falsecount="1"/>
        <line num="100" count="3" type="stmt"/>
        <line num="101" count="3" type="stmt"/>
        <line num="113" count="3" type="stmt"/>
        <line num="119" count="3" type="cond" truecount="2" falsecount="0"/>
        <line num="121" count="2" type="stmt"/>
        <line num="123" count="0" type="stmt"/>
        <line num="124" count="0" type="stmt"/>
        <line num="129" count="9" type="stmt"/>
        <line num="130" count="3" type="stmt"/>
        <line num="131" count="3" type="stmt"/>
        <line num="132" count="3" type="cond" truecount="1" falsecount="1"/>
        <line num="134" count="3" type="stmt"/>
        <line num="135" count="3" type="stmt"/>
        <line num="137" count="3" type="cond" truecount="2" falsecount="0"/>
        <line num="139" count="2" type="stmt"/>
        <line num="141" count="0" type="stmt"/>
        <line num="142" count="0" type="stmt"/>
        <line num="147" count="9" type="stmt"/>
        <line num="148" count="6" type="stmt"/>
        <line num="149" count="6" type="stmt"/>
        <line num="150" count="6" type="cond" truecount="2" falsecount="0"/>
        <line num="152" count="5" type="stmt"/>
        <line num="153" count="5" type="stmt"/>
        <line num="156" count="5" type="stmt"/>
        <line num="160" count="5" type="cond" truecount="2" falsecount="0"/>
        <line num="162" count="4" type="stmt"/>
        <line num="172" count="4" type="stmt"/>
        <line num="182" count="4" type="cond" truecount="2" falsecount="0"/>
        <line num="184" count="3" type="stmt"/>
        <line num="186" count="0" type="stmt"/>
        <line num="187" count="0" type="stmt"/>
        <line num="192" count="9" type="stmt"/>
        <line num="193" count="5" type="stmt"/>
        <line num="194" count="5" type="stmt"/>
        <line num="195" count="5" type="cond" truecount="4" falsecount="0"/>
        <line num="196" count="2" type="stmt"/>
        <line num="198" count="3" type="stmt"/>
        <line num="201" count="3" type="stmt"/>
        <line num="206" count="3" type="cond" truecount="2" falsecount="0"/>
        <line num="207" count="2" type="stmt"/>
        <line num="211" count="1" type="stmt"/>
        <line num="223" count="1" type="cond" truecount="1" falsecount="1"/>
        <line num="225" count="1" type="stmt"/>
        <line num="227" count="0" type="stmt"/>
        <line num="228" count="0" type="stmt"/>
        <line num="233" count="9" type="stmt"/>
        <line num="234" count="6" type="stmt"/>
        <line num="235" count="6" type="stmt"/>
        <line num="236" count="6" type="cond" truecount="2" falsecount="0"/>
        <line num="238" count="5" type="stmt"/>
        <line num="239" count="5" type="cond" truecount="4" falsecount="0"/>
        <line num="241" count="2" type="stmt"/>
        <line num="242" count="2" type="stmt"/>
        <line num="251" count="2" type="cond" truecount="2" falsecount="0"/>
        <line num="253" count="1" type="stmt"/>
        <line num="255" count="0" type="stmt"/>
        <line num="256" count="0" type="stmt"/>
      </file>
      <file name="donationController.js" path="C:\Users\radit\Documents\Hacktiv8\Phase-3\Week3\CareConnect\server\controllers\donationController.js">
        <metrics statements="41" coveredstatements="35" conditionals="20" coveredconditionals="20" methods="3" coveredmethods="3"/>
        <line num="9" count="9" type="stmt"/>
        <line num="10" count="12" type="stmt"/>
        <line num="11" count="12" type="stmt"/>
        <line num="13" count="12" type="cond" truecount="2" falsecount="0"/>
        <line num="14" count="2" type="stmt"/>
        <line num="16" count="10" type="cond" truecount="2" falsecount="0"/>
        <line num="17" count="1" type="stmt"/>
        <line num="19" count="9" type="cond" truecount="4" falsecount="0"/>
        <line num="20" count="5" type="stmt"/>
        <line num="23" count="4" type="stmt"/>
        <line num="24" count="4" type="stmt"/>
        <line num="27" count="4" type="stmt"/>
        <line num="36" count="4" type="stmt"/>
        <line num="39" count="4" type="stmt"/>
        <line num="47" count="4" type="stmt"/>
        <line num="52" count="0" type="stmt"/>
        <line num="53" count="0" type="stmt"/>
        <line num="60" count="9" type="stmt"/>
        <line num="61" count="12" type="stmt"/>
        <line num="62" count="12" type="stmt"/>
        <line num="63" count="12" type="stmt"/>
        <line num="65" count="12" type="stmt"/>
        <line num="66" count="12" type="cond" truecount="4" falsecount="0"/>
        <line num="67" count="4" type="stmt"/>
        <line num="68" count="12" type="cond" truecount="4" falsecount="0"/>
        <line num="69" count="4" type="stmt"/>
        <line num="71" count="12" type="stmt"/>
        <line num="73" count="12" type="stmt"/>
        <line num="75" count="0" type="stmt"/>
        <line num="76" count="0" type="stmt"/>
        <line num="83" count="9" type="stmt"/>
        <line num="84" count="4" type="stmt"/>
        <line num="85" count="4" type="stmt"/>
        <line num="86" count="4" type="cond" truecount="2" falsecount="0"/>
        <line num="87" count="1" type="stmt"/>
        <line num="89" count="3" type="stmt"/>
        <line num="90" count="3" type="stmt"/>
        <line num="92" count="3" type="cond" truecount="2" falsecount="0"/>
        <line num="94" count="2" type="stmt"/>
        <line num="96" count="0" type="stmt"/>
        <line num="97" count="0" type="stmt"/>
      </file>
      <file name="expenseController.js" path="C:\Users\radit\Documents\Hacktiv8\Phase-3\Week3\CareConnect\server\controllers\expenseController.js">
        <metrics statements="90" coveredstatements="78" conditionals="43" coveredconditionals="43" methods="7" coveredmethods="7"/>
        <line num="9" count="9" type="stmt"/>
        <line num="10" count="14" type="stmt"/>
        <line num="11" count="14" type="stmt"/>
        <line num="14" count="14" type="cond" truecount="5" falsecount="0"/>
        <line num="15" count="6" type="stmt"/>
        <line num="20" count="8" type="cond" truecount="2" falsecount="0"/>
        <line num="21" count="1" type="stmt"/>
        <line num="24" count="7" type="cond" truecount="4" falsecount="0"/>
        <line num="25" count="2" type="stmt"/>
        <line num="31" count="5" type="stmt"/>
        <line num="32" count="5" type="stmt"/>
        <line num="36" count="5" type="cond" truecount="2" falsecount="0"/>
        <line num="37" count="1" type="stmt"/>
        <line num="40" count="4" type="stmt"/>
        <line num="42" count="4" type="stmt"/>
        <line num="50" count="4" type="stmt"/>
        <line num="51" count="4" type="stmt"/>
        <line num="53" count="4" type="stmt"/>
        <line num="58" count="0" type="stmt"/>
        <line num="59" count="0" type="stmt"/>
        <line num="67" count="9" type="stmt"/>
        <line num="68" count="5" type="stmt"/>
        <line num="69" count="5" type="stmt"/>
        <line num="70" count="5" type="stmt"/>
        <line num="72" count="5" type="stmt"/>
        <line num="73" count="5" type="cond" truecount="2" falsecount="0"/>
        <line num="74" count="3" type="cond" truecount="2" falsecount="0"/>
        <line num="75" count="1" type="stmt"/>
        <line num="77" count="2" type="stmt"/>
        <line num="80" count="4" type="stmt"/>
        <line num="85" count="4" type="stmt"/>
        <line num="90" count="0" type="stmt"/>
        <line num="91" count="0" type="stmt"/>
        <line num="99" count="9" type="stmt"/>
        <line num="100" count="3" type="stmt"/>
        <line num="101" count="3" type="stmt"/>
        <line num="103" count="3" type="cond" truecount="2" falsecount="0"/>
        <line num="104" count="1" type="stmt"/>
        <line num="107" count="2" type="stmt"/>
        <line num="108" count="2" type="stmt"/>
        <line num="114" count="2" type="stmt"/>
        <line num="116" count="2" type="stmt"/>
        <line num="122" count="0" type="stmt"/>
        <line num="123" count="0" type="stmt"/>
        <line num="130" count="9" type="stmt"/>
        <line num="131" count="3" type="stmt"/>
        <line num="132" count="3" type="stmt"/>
        <line num="134" count="3" type="cond" truecount="2" falsecount="0"/>
        <line num="135" count="1" type="stmt"/>
        <line num="138" count="2" type="stmt"/>
        <line num="139" count="2" type="stmt"/>
        <line num="141" count="2" type="cond" truecount="2" falsecount="0"/>
        <line num="142" count="1" type="stmt"/>
        <line num="145" count="1" type="stmt"/>
        <line num="147" count="0" type="stmt"/>
        <line num="148" count="0" type="stmt"/>
        <line num="155" count="9" type="stmt"/>
        <line num="156" count="11" type="stmt"/>
        <line num="157" count="11" type="stmt"/>
        <line num="158" count="11" type="stmt"/>
        <line num="160" count="11" type="cond" truecount="2" falsecount="0"/>
        <line num="161" count="1" type="stmt"/>
        <line num="164" count="10" type="stmt"/>
        <line num="166" count="10" type="cond" truecount="2" falsecount="0"/>
        <line num="167" count="6" type="cond" truecount="4" falsecount="0"/>
        <line num="168" count="2" type="stmt"/>
        <line num="170" count="4" type="stmt"/>
        <line num="173" count="8" type="cond" truecount="2" falsecount="0"/>
        <line num="174" count="5" type="cond" truecount="4" falsecount="0"/>
        <line num="175" count="3" type="stmt"/>
        <line num="177" count="2" type="stmt"/>
        <line num="180" count="5" type="stmt"/>
        <line num="181" count="5" type="stmt"/>
        <line num="187" count="5" type="cond" truecount="2" falsecount="0"/>
        <line num="188" count="1" type="stmt"/>
        <line num="191" count="4" type="stmt"/>
        <line num="196" count="0" type="stmt"/>
        <line num="197" count="0" type="stmt"/>
        <line num="204" count="9" type="stmt"/>
        <line num="205" count="3" type="stmt"/>
        <line num="206" count="3" type="stmt"/>
        <line num="208" count="3" type="cond" truecount="2" falsecount="0"/>
        <line num="209" count="1" type="stmt"/>
        <line num="212" count="2" type="stmt"/>
        <line num="213" count="2" type="stmt"/>
        <line num="215" count="2" type="cond" truecount="2" falsecount="0"/>
        <line num="216" count="1" type="stmt"/>
        <line num="219" count="1" type="stmt"/>
        <line num="221" count="0" type="stmt"/>
        <line num="222" count="0" type="stmt"/>
      </file>
      <file name="newsController.js" path="C:\Users\radit\Documents\Hacktiv8\Phase-3\Week3\CareConnect\server\controllers\newsController.js">
        <metrics statements="102" coveredstatements="85" conditionals="50" coveredconditionals="47" methods="7" coveredmethods="7"/>
        <line num="9" count="9" type="stmt"/>
        <line num="10" count="12" type="stmt"/>
        <line num="11" count="12" type="stmt"/>
        <line num="14" count="12" type="cond" truecount="5" falsecount="0"/>
        <line num="15" count="4" type="stmt"/>
        <line num="20" count="8" type="cond" truecount="2" falsecount="0"/>
        <line num="21" count="1" type="stmt"/>
        <line num="25" count="7" type="stmt"/>
        <line num="26" count="7" type="stmt"/>
        <line num="30" count="7" type="cond" truecount="2" falsecount="0"/>
        <line num="31" count="2" type="stmt"/>
        <line num="34" count="5" type="stmt"/>
        <line num="36" count="5" type="stmt"/>
        <line num="45" count="5" type="stmt"/>
        <line num="46" count="5" type="stmt"/>
        <line num="48" count="5" type="stmt"/>
        <line num="53" count="0" type="stmt"/>
        <line num="54" count="0" type="stmt"/>
        <line num="62" count="9" type="stmt"/>
        <line num="63" count="5" type="stmt"/>
        <line num="64" count="5" type="stmt"/>
        <line num="65" count="5" type="stmt"/>
        <line num="67" count="5" type="stmt"/>
        <line num="68" count="5" type="cond" truecount="2" falsecount="0"/>
        <line num="69" count="4" type="cond" truecount="2" falsecount="0"/>
        <line num="70" count="2" type="stmt"/>
        <line num="72" count="2" type="stmt"/>
        <line num="75" count="3" type="stmt"/>
        <line num="80" count="3" type="stmt"/>
        <line num="85" count="0" type="stmt"/>
        <line num="86" count="0" type="stmt"/>
        <line num="94" count="9" type="stmt"/>
        <line num="95" count="5" type="stmt"/>
        <line num="96" count="5" type="stmt"/>
        <line num="98" count="5" type="cond" truecount="2" falsecount="0"/>
        <line num="99" count="2" type="stmt"/>
        <line num="102" count="3" type="stmt"/>
        <line num="103" count="3" type="stmt"/>
        <line num="108" count="3" type="stmt"/>
        <line num="113" count="0" type="stmt"/>
        <line num="114" count="0" type="stmt"/>
        <line num="122" count="9" type="stmt"/>
        <line num="123" count="6" type="stmt"/>
        <line num="124" count="6" type="cond" truecount="1" falsecount="0"/>
        <line num="125" count="6" type="stmt"/>
        <line num="127" count="6" type="stmt"/>
        <line num="128" count="6" type="cond" truecount="4" falsecount="0"/>
        <line num="129" count="3" type="stmt"/>
        <line num="132" count="3" type="stmt"/>
        <line num="138" count="3" type="stmt"/>
        <line num="143" count="0" type="stmt"/>
        <line num="144" count="0" type="stmt"/>
        <line num="151" count="9" type="stmt"/>
        <line num="152" count="4" type="stmt"/>
        <line num="153" count="4" type="stmt"/>
        <line num="155" count="4" type="cond" truecount="2" falsecount="0"/>
        <line num="156" count="2" type="stmt"/>
        <line num="159" count="2" type="stmt"/>
        <line num="160" count="2" type="stmt"/>
        <line num="162" count="2" type="cond" truecount="2" falsecount="0"/>
        <line num="163" count="1" type="stmt"/>
        <line num="166" count="1" type="stmt"/>
        <line num="168" count="0" type="stmt"/>
        <line num="169" count="0" type="stmt"/>
        <line num="176" count="9" type="stmt"/>
        <line num="177" count="7" type="stmt"/>
        <line num="178" count="7" type="stmt"/>
        <line num="179" count="7" type="stmt"/>
        <line num="181" count="7" type="cond" truecount="2" falsecount="0"/>
        <line num="182" count="1" type="stmt"/>
        <line num="185" count="6" type="stmt"/>
        <line num="187" count="6" type="cond" truecount="2" falsecount="0"/>
        <line num="188" count="4" type="cond" truecount="3" falsecount="1"/>
        <line num="189" count="0" type="stmt"/>
        <line num="191" count="4" type="stmt"/>
        <line num="194" count="6" type="cond" truecount="2" falsecount="0"/>
        <line num="195" count="2" type="cond" truecount="3" falsecount="1"/>
        <line num="196" count="0" type="stmt"/>
        <line num="198" count="2" type="stmt"/>
        <line num="201" count="6" type="cond" truecount="2" falsecount="0"/>
        <line num="202" count="2" type="cond" truecount="1" falsecount="1"/>
        <line num="203" count="0" type="stmt"/>
        <line num="205" count="2" type="stmt"/>
        <line num="208" count="6" type="stmt"/>
        <line num="209" count="6" type="stmt"/>
        <line num="215" count="6" type="cond" truecount="2" falsecount="0"/>
        <line num="216" count="2" type="stmt"/>
        <line num="219" count="4" type="stmt"/>
        <line num="224" count="0" type="stmt"/>
        <line num="225" count="0" type="stmt"/>
        <line num="232" count="9" type="stmt"/>
        <line num="233" count="3" type="stmt"/>
        <line num="234" count="3" type="stmt"/>
        <line num="236" count="3" type="cond" truecount="2" falsecount="0"/>
        <line num="237" count="1" type="stmt"/>
        <line num="240" count="2" type="stmt"/>
        <line num="241" count="2" type="stmt"/>
        <line num="243" count="2" type="cond" truecount="2" falsecount="0"/>
        <line num="244" count="1" type="stmt"/>
        <line num="247" count="1" type="stmt"/>
        <line num="249" count="0" type="stmt"/>
        <line num="250" count="0" type="stmt"/>
      </file>
      <file name="userController.js" path="C:\Users\radit\Documents\Hacktiv8\Phase-3\Week3\CareConnect\server\controllers\userController.js">
        <metrics statements="98" coveredstatements="86" conditionals="55" coveredconditionals="48" methods="5" coveredmethods="5"/>
        <line num="5" count="9" type="stmt"/>
        <line num="6" count="295" type="stmt"/>
        <line num="7" count="295" type="stmt"/>
        <line num="10" count="295" type="cond" truecount="5" falsecount="0"/>
        <line num="11" count="6" type="stmt"/>
        <line num="15" count="289" type="stmt"/>
        <line num="16" count="289" type="cond" truecount="2" falsecount="0"/>
        <line num="17" count="1" type="stmt"/>
        <line num="21" count="288" type="cond" truecount="2" falsecount="0"/>
        <line num="22" count="1" type="stmt"/>
        <line num="25" count="287" type="stmt"/>
        <line num="28" count="287" type="stmt"/>
        <line num="29" count="287" type="cond" truecount="2" falsecount="0"/>
        <line num="30" count="8" type="stmt"/>
        <line num="34" count="279" type="stmt"/>
        <line num="36" count="279" type="stmt"/>
        <line num="46" count="279" type="stmt"/>
        <line num="48" count="279" type="stmt"/>
        <line num="53" count="0" type="stmt"/>
        <line num="57" count="9" type="stmt"/>
        <line num="58" count="272" type="stmt"/>
        <line num="59" count="272" type="stmt"/>
        <line num="62" count="272" type="cond" truecount="4" falsecount="0"/>
        <line num="63" count="2" type="stmt"/>
        <line num="66" count="270" type="stmt"/>
        <line num="67" count="270" type="stmt"/>
        <line num="69" count="270" type="cond" truecount="2" falsecount="0"/>
        <line num="70" count="3" type="stmt"/>
        <line num="74" count="267" type="stmt"/>
        <line num="75" count="267" type="cond" truecount="2" falsecount="0"/>
        <line num="76" count="3" type="stmt"/>
        <line num="80" count="264" type="stmt"/>
        <line num="90" count="264" type="stmt"/>
        <line num="102" count="0" type="stmt"/>
        <line num="107" count="9" type="stmt"/>
        <line num="108" count="1" type="stmt"/>
        <line num="109" count="1" type="stmt"/>
        <line num="110" count="1" type="stmt"/>
        <line num="112" count="1" type="stmt"/>
        <line num="113" count="1" type="stmt"/>
        <line num="115" count="1" type="cond" truecount="1" falsecount="1"/>
        <line num="116" count="0" type="stmt"/>
        <line num="120" count="1" type="stmt"/>
        <line num="122" count="1" type="stmt"/>
        <line num="127" count="0" type="stmt"/>
        <line num="132" count="9" type="stmt"/>
        <line num="133" count="6" type="stmt"/>
        <line num="134" count="6" type="stmt"/>
        <line num="135" count="6" type="stmt"/>
        <line num="137" count="6" type="stmt"/>
        <line num="138" count="6" type="stmt"/>
        <line num="140" count="6" type="stmt"/>
        <line num="142" count="6" type="cond" truecount="1" falsecount="1"/>
        <line num="143" count="0" type="stmt"/>
        <line num="146" count="6" type="stmt"/>
        <line num="151" count="6" type="cond" truecount="2" falsecount="0"/>
        <line num="152" count="2" type="cond" truecount="3" falsecount="1"/>
        <line num="153" count="0" type="stmt"/>
        <line num="155" count="2" type="stmt"/>
        <line num="159" count="6" type="cond" truecount="2" falsecount="0"/>
        <line num="161" count="1" type="stmt"/>
        <line num="162" count="1" type="cond" truecount="1" falsecount="1"/>
        <line num="163" count="0" type="stmt"/>
        <line num="167" count="1" type="stmt"/>
        <line num="172" count="1" type="cond" truecount="1" falsecount="1"/>
        <line num="173" count="0" type="stmt"/>
        <line num="176" count="1" type="stmt"/>
        <line num="180" count="6" type="cond" truecount="2" falsecount="0"/>
        <line num="181" count="3" type="cond" truecount="2" falsecount="0"/>
        <line num="182" count="1" type="stmt"/>
        <line num="186" count="2" type="stmt"/>
        <line num="187" count="2" type="cond" truecount="2" falsecount="0"/>
        <line num="188" count="1" type="stmt"/>
        <line num="192" count="1" type="cond" truecount="1" falsecount="1"/>
        <line num="193" count="1" type="stmt"/>
        <line num="197" count="0" type="stmt"/>
        <line num="201" count="3" type="stmt"/>
        <line num="206" count="3" type="cond" truecount="1" falsecount="1"/>
        <line num="207" count="0" type="stmt"/>
        <line num="211" count="3" type="stmt"/>
        <line num="212" count="3" type="stmt"/>
        <line num="214" count="3" type="stmt"/>
        <line num="219" count="0" type="stmt"/>
        <line num="224" count="9" type="stmt"/>
        <line num="225" count="4" type="stmt"/>
        <line num="226" count="4" type="stmt"/>
        <line num="227" count="4" type="stmt"/>
        <line num="229" count="4" type="stmt"/>
        <line num="232" count="4" type="cond" truecount="2" falsecount="0"/>
        <line num="233" count="1" type="stmt"/>
        <line num="236" count="3" type="stmt"/>
        <line num="238" count="3" type="cond" truecount="2" falsecount="0"/>
        <line num="239" count="1" type="stmt"/>
        <line num="243" count="2" type="cond" truecount="4" falsecount="0"/>
        <line num="244" count="1" type="stmt"/>
        <line num="248" count="1" type="stmt"/>
        <line num="250" count="1" type="stmt"/>
        <line num="255" count="0" type="stmt"/>
      </file>
    </package>
    <package name="middlewares">
      <metrics statements="56" coveredstatements="55" conditionals="54" coveredconditionals="50" methods="8" coveredmethods="8"/>
      <file name="authentication.js" path="C:\Users\radit\Documents\Hacktiv8\Phase-3\Week3\CareConnect\server\middlewares\authentication.js">
        <metrics statements="25" coveredstatements="24" conditionals="16" coveredconditionals="14" methods="3" coveredmethods="3"/>
        <line num="4" count="10" type="stmt"/>
        <line num="5" count="20" type="stmt"/>
        <line num="6" count="20" type="stmt"/>
        <line num="8" count="20" type="cond" truecount="2" falsecount="0"/>
        <line num="9" count="4" type="stmt"/>
        <line num="13" count="16" type="stmt"/>
        <line num="15" count="16" type="cond" truecount="2" falsecount="0"/>
        <line num="16" count="1" type="stmt"/>
        <line num="20" count="15" type="stmt"/>
        <line num="23" count="12" type="stmt"/>
        <line num="29" count="12" type="stmt"/>
        <line num="31" count="3" type="cond" truecount="2" falsecount="0"/>
        <line num="32" count="2" type="stmt"/>
        <line num="34" count="1" type="cond" truecount="1" falsecount="1"/>
        <line num="35" count="1" type="stmt"/>
        <line num="37" count="0" type="stmt"/>
        <line num="42" count="10" type="stmt"/>
        <line num="43" count="2" type="cond" truecount="2" falsecount="0"/>
        <line num="44" count="1" type="stmt"/>
        <line num="46" count="1" type="stmt"/>
        <line num="50" count="10" type="stmt"/>
        <line num="51" count="3" type="cond" truecount="1" falsecount="1"/>
        <line num="53" count="3" type="cond" truecount="4" falsecount="0"/>
        <line num="54" count="2" type="stmt"/>
        <line num="57" count="1" type="stmt"/>
      </file>
      <file name="errorhandler.js" path="C:\Users\radit\Documents\Hacktiv8\Phase-3\Week3\CareConnect\server\middlewares\errorhandler.js">
        <metrics statements="31" coveredstatements="31" conditionals="38" coveredconditionals="36" methods="5" coveredmethods="5"/>
        <line num="4" count="9" type="stmt"/>
        <line num="5" count="20" type="stmt"/>
        <line num="6" count="15" type="stmt"/>
        <line num="7" count="15" type="cond" truecount="2" falsecount="0"/>
        <line num="8" count="2" type="stmt"/>
        <line num="10" count="13" type="stmt"/>
        <line num="16" count="18" type="stmt"/>
        <line num="17" count="18" type="cond" truecount="2" falsecount="0"/>
        <line num="18" count="16" type="cond" truecount="4" falsecount="0"/>
        <line num="19" count="2" type="stmt"/>
        <line num="20" count="16" type="cond" truecount="4" falsecount="0"/>
        <line num="21" count="3" type="stmt"/>
        <line num="22" count="16" type="cond" truecount="4" falsecount="0"/>
        <line num="23" count="1" type="stmt"/>
        <line num="24" count="16" type="cond" truecount="4" falsecount="0"/>
        <line num="25" count="1" type="stmt"/>
        <line num="26" count="16" type="cond" truecount="4" falsecount="0"/>
        <line num="27" count="1" type="stmt"/>
        <line num="28" count="16" type="stmt"/>
        <line num="33" count="14" type="stmt"/>
        <line num="34" count="14" type="cond" truecount="2" falsecount="0"/>
        <line num="35" count="12" type="cond" truecount="4" falsecount="0"/>
        <line num="36" count="3" type="stmt"/>
        <line num="37" count="12" type="cond" truecount="4" falsecount="0"/>
        <line num="38" count="3" type="stmt"/>
        <line num="39" count="12" type="stmt"/>
        <line num="45" count="9" type="stmt"/>
        <line num="46" count="1" type="stmt"/>
        <line num="47" count="1" type="cond" truecount="1" falsecount="1"/>
        <line num="48" count="1" type="cond" truecount="1" falsecount="1"/>
        <line num="52" count="1" type="stmt"/>
      </file>
    </package>
    <package name="models">
      <metrics statements="11" coveredstatements="11" conditionals="0" coveredconditionals="0" methods="5" coveredmethods="5"/>
      <file name="activityModel.js" path="C:\Users\radit\Documents\Hacktiv8\Phase-3\Week3\CareConnect\server\models\activityModel.js">
        <metrics statements="2" coveredstatements="2" conditionals="0" coveredconditionals="0" methods="1" coveredmethods="1"/>
        <line num="4" count="46" type="stmt"/>
        <line num="5" count="46" type="stmt"/>
      </file>
      <file name="donationModel.js" path="C:\Users\radit\Documents\Hacktiv8\Phase-3\Week3\CareConnect\server\models\donationModel.js">
        <metrics statements="3" coveredstatements="3" conditionals="0" coveredconditionals="0" methods="1" coveredmethods="1"/>
        <line num="3" count="9" type="stmt"/>
        <line num="4" count="19" type="stmt"/>
        <line num="5" count="19" type="stmt"/>
      </file>
      <file name="expenseModel.js" path="C:\Users\radit\Documents\Hacktiv8\Phase-3\Week3\CareConnect\server\models\expenseModel.js">
        <metrics statements="2" coveredstatements="2" conditionals="0" coveredconditionals="0" methods="1" coveredmethods="1"/>
        <line num="4" count="20" type="stmt"/>
        <line num="5" count="20" type="stmt"/>
      </file>
      <file name="newsModel.js" path="C:\Users\radit\Documents\Hacktiv8\Phase-3\Week3\CareConnect\server\models\newsModel.js">
        <metrics statements="2" coveredstatements="2" conditionals="0" coveredconditionals="0" methods="1" coveredmethods="1"/>
        <line num="4" count="29" type="stmt"/>
        <line num="5" count="29" type="stmt"/>
      </file>
      <file name="userModel.js" path="C:\Users\radit\Documents\Hacktiv8\Phase-3\Week3\CareConnect\server\models\userModel.js">
        <metrics statements="2" coveredstatements="2" conditionals="0" coveredconditionals="0" methods="1" coveredmethods="1"/>
        <line num="4" count="568" type="stmt"/>
        <line num="5" count="568" type="stmt"/>
      </file>
    </package>
    <package name="routes">
      <metrics statements="40" coveredstatements="40" conditionals="0" coveredconditionals="0" methods="0" coveredmethods="0"/>
      <file name="activityRoutes.js" path="C:\Users\radit\Documents\Hacktiv8\Phase-3\Week3\CareConnect\server\routes\activityRoutes.js">
        <metrics statements="9" coveredstatements="9" conditionals="0" coveredconditionals="0" methods="0" coveredmethods="0"/>
        <line num="18" count="9" type="stmt"/>
        <line num="21" count="9" type="stmt"/>
        <line num="22" count="9" type="stmt"/>
        <line num="25" count="9" type="stmt"/>
        <line num="26" count="9" type="stmt"/>
        <line num="27" count="9" type="stmt"/>
        <line num="30" count="9" type="stmt"/>
        <line num="31" count="9" type="stmt"/>
        <line num="34" count="9" type="stmt"/>
      </file>
      <file name="donationRoutes.js" path="C:\Users\radit\Documents\Hacktiv8\Phase-3\Week3\CareConnect\server\routes\donationRoutes.js">
        <metrics statements="4" coveredstatements="4" conditionals="0" coveredconditionals="0" methods="0" coveredmethods="0"/>
        <line num="8" count="9" type="stmt"/>
        <line num="10" count="9" type="stmt"/>
        <line num="11" count="9" type="stmt"/>
        <line num="12" count="9" type="stmt"/>
      </file>
      <file name="expensesRoutes.js" path="C:\Users\radit\Documents\Hacktiv8\Phase-3\Week3\CareConnect\server\routes\expensesRoutes.js">
        <metrics statements="7" coveredstatements="7" conditionals="0" coveredconditionals="0" methods="0" coveredmethods="0"/>
        <line num="11" count="9" type="stmt"/>
        <line num="14" count="9" type="stmt"/>
        <line num="15" count="9" type="stmt"/>
        <line num="18" count="9" type="stmt"/>
        <line num="19" count="9" type="stmt"/>
        <line num="20" count="9" type="stmt"/>
        <line num="23" count="9" type="stmt"/>
      </file>
      <file name="index.js" path="C:\Users\radit\Documents\Hacktiv8\Phase-3\Week3\CareConnect\server\routes\index.js">
        <metrics statements="6" coveredstatements="6" conditionals="0" coveredconditionals="0" methods="0" coveredmethods="0"/>
        <line num="3" count="9" type="stmt"/>
        <line num="10" count="9" type="stmt"/>
        <line num="11" count="9" type="stmt"/>
        <line num="12" count="9" type="stmt"/>
        <line num="13" count="9" type="stmt"/>
        <line num="14" count="9" type="stmt"/>
      </file>
      <file name="newsRouter.js" path="C:\Users\radit\Documents\Hacktiv8\Phase-3\Week3\CareConnect\server\routes\newsRouter.js">
        <metrics statements="8" coveredstatements="8" conditionals="0" coveredconditionals="0" methods="0" coveredmethods="0"/>
        <line num="12" count="9" type="stmt"/>
        <line num="15" count="9" type="stmt"/>
        <line num="16" count="9" type="stmt"/>
        <line num="17" count="9" type="stmt"/>
        <line num="20" count="9" type="stmt"/>
        <line num="21" count="9" type="stmt"/>
        <line num="22" count="9" type="stmt"/>
        <line num="25" count="9" type="stmt"/>
      </file>
      <file name="userRoutes.js" path="C:\Users\radit\Documents\Hacktiv8\Phase-3\Week3\CareConnect\server\routes\userRoutes.js">
        <metrics statements="6" coveredstatements="6" conditionals="0" coveredconditionals="0" methods="0" coveredmethods="0"/>
        <line num="11" count="9" type="stmt"/>
        <line num="15" count="9" type="stmt"/>
        <line num="18" count="9" type="stmt"/>
        <line num="22" count="9" type="stmt"/>
        <line num="25" count="9" type="stmt"/>
        <line num="28" count="9" type="stmt"/>
      </file>
    </package>
  </project>
</coverage>
