{"C:\\Users\\radit\\Documents\\Hacktiv8\\Phase-3\\Week3\\CareConnect\\server\\controllers\\activityController.js": {"path":"C:\\Users\\radit\\Documents\\Hacktiv8\\Phase-3\\Week3\\CareConnect\\server\\controllers\\activityController.js","statementMap":{"0":{"start":{"line":5,"column":29},"end":{"line":36,"column":1}},"1":{"start":{"line":6,"column":2},"end":{"line":35,"column":3}},"2":{"start":{"line":7,"column":4},"end":{"line":7,"column":41}},"3":{"start":{"line":8,"column":23},"end":{"line":8,"column":52}},"4":{"start":{"line":9,"column":4},"end":{"line":9,"column":40}},"5":{"start":{"line":11,"column":43},"end":{"line":11,"column":52}},"6":{"start":{"line":12,"column":19},"end":{"line":12,"column":21}},"7":{"start":{"line":14,"column":4},"end":{"line":14,"column":45}},"8":{"start":{"line":14,"column":18},"end":{"line":14,"column":45}},"9":{"start":{"line":15,"column":4},"end":{"line":15,"column":74}},"10":{"start":{"line":15,"column":18},"end":{"line":15,"column":74}},"11":{"start":{"line":17,"column":4},"end":{"line":24,"column":5}},"12":{"start":{"line":19,"column":20},"end":{"line":19,"column":43}},"13":{"start":{"line":20,"column":6},"end":{"line":23,"column":8}},"14":{"start":{"line":26,"column":4},"end":{"line":26,"column":51}},"15":{"start":{"line":28,"column":23},"end":{"line":28,"column":86}},"16":{"start":{"line":29,"column":4},"end":{"line":29,"column":57}},"17":{"start":{"line":31,"column":4},"end":{"line":31,"column":73}},"18":{"start":{"line":33,"column":4},"end":{"line":33,"column":55}},"19":{"start":{"line":34,"column":4},"end":{"line":34,"column":89}},"20":{"start":{"line":39,"column":30},"end":{"line":70,"column":1}},"21":{"start":{"line":40,"column":2},"end":{"line":69,"column":3}},"22":{"start":{"line":41,"column":20},"end":{"line":41,"column":28}},"23":{"start":{"line":42,"column":23},"end":{"line":42,"column":52}},"24":{"start":{"line":44,"column":24},"end":{"line":60,"column":5}},"25":{"start":{"line":62,"column":19},"end":{"line":62,"column":58}},"26":{"start":{"line":63,"column":21},"end":{"line":63,"column":73}},"27":{"start":{"line":65,"column":4},"end":{"line":65,"column":87}},"28":{"start":{"line":67,"column":4},"end":{"line":67,"column":53}},"29":{"start":{"line":68,"column":4},"end":{"line":68,"column":72}},"30":{"start":{"line":73,"column":31},"end":{"line":90,"column":1}},"31":{"start":{"line":74,"column":2},"end":{"line":89,"column":3}},"32":{"start":{"line":75,"column":19},"end":{"line":75,"column":29}},"33":{"start":{"line":76,"column":4},"end":{"line":76,"column":86}},"34":{"start":{"line":76,"column":31},"end":{"line":76,"column":86}},"35":{"start":{"line":78,"column":23},"end":{"line":78,"column":52}},"36":{"start":{"line":79,"column":21},"end":{"line":79,"column":72}},"37":{"start":{"line":81,"column":4},"end":{"line":83,"column":5}},"38":{"start":{"line":82,"column":6},"end":{"line":82,"column":69}},"39":{"start":{"line":85,"column":4},"end":{"line":85,"column":45}},"40":{"start":{"line":87,"column":4},"end":{"line":87,"column":53}},"41":{"start":{"line":88,"column":4},"end":{"line":88,"column":72}},"42":{"start":{"line":93,"column":30},"end":{"line":126,"column":1}},"43":{"start":{"line":94,"column":2},"end":{"line":125,"column":3}},"44":{"start":{"line":95,"column":19},"end":{"line":95,"column":29}},"45":{"start":{"line":96,"column":4},"end":{"line":96,"column":86}},"46":{"start":{"line":96,"column":31},"end":{"line":96,"column":86}},"47":{"start":{"line":98,"column":20},"end":{"line":98,"column":34}},"48":{"start":{"line":100,"column":23},"end":{"line":100,"column":52}},"49":{"start":{"line":101,"column":19},"end":{"line":111,"column":5}},"50":{"start":{"line":113,"column":19},"end":{"line":117,"column":5}},"51":{"start":{"line":119,"column":4},"end":{"line":119,"column":80}},"52":{"start":{"line":119,"column":17},"end":{"line":119,"column":80}},"53":{"start":{"line":121,"column":4},"end":{"line":121,"column":72}},"54":{"start":{"line":123,"column":4},"end":{"line":123,"column":53}},"55":{"start":{"line":124,"column":4},"end":{"line":124,"column":72}},"56":{"start":{"line":129,"column":30},"end":{"line":144,"column":1}},"57":{"start":{"line":130,"column":2},"end":{"line":143,"column":3}},"58":{"start":{"line":131,"column":19},"end":{"line":131,"column":29}},"59":{"start":{"line":132,"column":4},"end":{"line":132,"column":86}},"60":{"start":{"line":132,"column":31},"end":{"line":132,"column":86}},"61":{"start":{"line":134,"column":23},"end":{"line":134,"column":52}},"62":{"start":{"line":135,"column":19},"end":{"line":135,"column":72}},"63":{"start":{"line":137,"column":4},"end":{"line":137,"column":98}},"64":{"start":{"line":137,"column":35},"end":{"line":137,"column":98}},"65":{"start":{"line":139,"column":4},"end":{"line":139,"column":58}},"66":{"start":{"line":141,"column":4},"end":{"line":141,"column":53}},"67":{"start":{"line":142,"column":4},"end":{"line":142,"column":72}},"68":{"start":{"line":147,"column":33},"end":{"line":189,"column":1}},"69":{"start":{"line":148,"column":2},"end":{"line":188,"column":3}},"70":{"start":{"line":149,"column":19},"end":{"line":149,"column":29}},"71":{"start":{"line":150,"column":4},"end":{"line":150,"column":95}},"72":{"start":{"line":150,"column":31},"end":{"line":150,"column":95}},"73":{"start":{"line":152,"column":42},"end":{"line":152,"column":50}},"74":{"start":{"line":153,"column":23},"end":{"line":153,"column":52}},"75":{"start":{"line":156,"column":21},"end":{"line":159,"column":6}},"76":{"start":{"line":160,"column":4},"end":{"line":160,"column":99}},"77":{"start":{"line":160,"column":18},"end":{"line":160,"column":99}},"78":{"start":{"line":162,"column":22},"end":{"line":170,"column":5}},"79":{"start":{"line":172,"column":19},"end":{"line":180,"column":5}},"80":{"start":{"line":182,"column":4},"end":{"line":182,"column":80}},"81":{"start":{"line":182,"column":17},"end":{"line":182,"column":80}},"82":{"start":{"line":184,"column":4},"end":{"line":184,"column":76}},"83":{"start":{"line":186,"column":4},"end":{"line":186,"column":57}},"84":{"start":{"line":187,"column":4},"end":{"line":187,"column":76}},"85":{"start":{"line":192,"column":35},"end":{"line":230,"column":1}},"86":{"start":{"line":193,"column":2},"end":{"line":229,"column":3}},"87":{"start":{"line":194,"column":32},"end":{"line":194,"column":42}},"88":{"start":{"line":195,"column":4},"end":{"line":196,"column":64}},"89":{"start":{"line":196,"column":6},"end":{"line":196,"column":64}},"90":{"start":{"line":198,"column":23},"end":{"line":198,"column":52}},"91":{"start":{"line":201,"column":21},"end":{"line":204,"column":6}},"92":{"start":{"line":206,"column":4},"end":{"line":208,"column":5}},"93":{"start":{"line":207,"column":6},"end":{"line":207,"column":82}},"94":{"start":{"line":211,"column":19},"end":{"line":221,"column":5}},"95":{"start":{"line":223,"column":4},"end":{"line":223,"column":80}},"96":{"start":{"line":223,"column":17},"end":{"line":223,"column":80}},"97":{"start":{"line":225,"column":4},"end":{"line":225,"column":78}},"98":{"start":{"line":227,"column":4},"end":{"line":227,"column":59}},"99":{"start":{"line":228,"column":4},"end":{"line":228,"column":93}},"100":{"start":{"line":233,"column":27},"end":{"line":258,"column":1}},"101":{"start":{"line":234,"column":2},"end":{"line":257,"column":3}},"102":{"start":{"line":235,"column":19},"end":{"line":235,"column":29}},"103":{"start":{"line":236,"column":4},"end":{"line":236,"column":95}},"104":{"start":{"line":236,"column":31},"end":{"line":236,"column":95}},"105":{"start":{"line":238,"column":23},"end":{"line":238,"column":31}},"106":{"start":{"line":239,"column":4},"end":{"line":239,"column":101}},"107":{"start":{"line":239,"column":32},"end":{"line":239,"column":101}},"108":{"start":{"line":241,"column":23},"end":{"line":241,"column":52}},"109":{"start":{"line":242,"column":19},"end":{"line":249,"column":5}},"110":{"start":{"line":251,"column":4},"end":{"line":251,"column":80}},"111":{"start":{"line":251,"column":17},"end":{"line":251,"column":80}},"112":{"start":{"line":253,"column":4},"end":{"line":253,"column":70}},"113":{"start":{"line":255,"column":4},"end":{"line":255,"column":51}},"114":{"start":{"line":256,"column":4},"end":{"line":256,"column":70}}},"fnMap":{"0":{"name":"(anonymous_0)","decl":{"start":{"line":5,"column":29},"end":{"line":5,"column":30}},"loc":{"start":{"line":5,"column":49},"end":{"line":36,"column":1}},"line":5},"1":{"name":"(anonymous_1)","decl":{"start":{"line":39,"column":30},"end":{"line":39,"column":31}},"loc":{"start":{"line":39,"column":50},"end":{"line":70,"column":1}},"line":39},"2":{"name":"(anonymous_2)","decl":{"start":{"line":73,"column":31},"end":{"line":73,"column":32}},"loc":{"start":{"line":73,"column":51},"end":{"line":90,"column":1}},"line":73},"3":{"name":"(anonymous_3)","decl":{"start":{"line":93,"column":30},"end":{"line":93,"column":31}},"loc":{"start":{"line":93,"column":50},"end":{"line":126,"column":1}},"line":93},"4":{"name":"(anonymous_4)","decl":{"start":{"line":129,"column":30},"end":{"line":129,"column":31}},"loc":{"start":{"line":129,"column":50},"end":{"line":144,"column":1}},"line":129},"5":{"name":"(anonymous_5)","decl":{"start":{"line":147,"column":33},"end":{"line":147,"column":34}},"loc":{"start":{"line":147,"column":53},"end":{"line":189,"column":1}},"line":147},"6":{"name":"(anonymous_6)","decl":{"start":{"line":192,"column":35},"end":{"line":192,"column":36}},"loc":{"start":{"line":192,"column":55},"end":{"line":230,"column":1}},"line":192},"7":{"name":"(anonymous_7)","decl":{"start":{"line":233,"column":27},"end":{"line":233,"column":28}},"loc":{"start":{"line":233,"column":47},"end":{"line":258,"column":1}},"line":233}},"branchMap":{"0":{"loc":{"start":{"line":14,"column":4},"end":{"line":14,"column":45}},"type":"if","locations":[{"start":{"line":14,"column":4},"end":{"line":14,"column":45}},{"start":{},"end":{}}],"line":14},"1":{"loc":{"start":{"line":15,"column":4},"end":{"line":15,"column":74}},"type":"if","locations":[{"start":{"line":15,"column":4},"end":{"line":15,"column":74}},{"start":{},"end":{}}],"line":15},"2":{"loc":{"start":{"line":17,"column":4},"end":{"line":24,"column":5}},"type":"if","locations":[{"start":{"line":17,"column":4},"end":{"line":24,"column":5}},{"start":{},"end":{}}],"line":17},"3":{"loc":{"start":{"line":47,"column":16},"end":{"line":51,"column":14}},"type":"cond-expr","locations":[{"start":{"line":47,"column":35},"end":{"line":51,"column":7}},{"start":{"line":51,"column":10},"end":{"line":51,"column":14}}],"line":47},"4":{"loc":{"start":{"line":48,"column":14},"end":{"line":48,"column":41}},"type":"binary-expr","locations":[{"start":{"line":48,"column":14},"end":{"line":48,"column":35}},{"start":{"line":48,"column":39},"end":{"line":48,"column":41}}],"line":48},"5":{"loc":{"start":{"line":49,"column":13},"end":{"line":49,"column":41}},"type":"binary-expr","locations":[{"start":{"line":49,"column":13},"end":{"line":49,"column":33}},{"start":{"line":49,"column":37},"end":{"line":49,"column":41}}],"line":49},"6":{"loc":{"start":{"line":50,"column":13},"end":{"line":50,"column":41}},"type":"binary-expr","locations":[{"start":{"line":50,"column":13},"end":{"line":50,"column":33}},{"start":{"line":50,"column":37},"end":{"line":50,"column":41}}],"line":50},"7":{"loc":{"start":{"line":52,"column":14},"end":{"line":52,"column":65}},"type":"cond-expr","locations":[{"start":{"line":52,"column":46},"end":{"line":52,"column":60}},{"start":{"line":52,"column":63},"end":{"line":52,"column":65}}],"line":52},"8":{"loc":{"start":{"line":53,"column":22},"end":{"line":53,"column":49}},"type":"binary-expr","locations":[{"start":{"line":53,"column":22},"end":{"line":53,"column":44}},{"start":{"line":53,"column":48},"end":{"line":53,"column":49}}],"line":53},"9":{"loc":{"start":{"line":54,"column":26},"end":{"line":54,"column":57}},"type":"binary-expr","locations":[{"start":{"line":54,"column":26},"end":{"line":54,"column":52}},{"start":{"line":54,"column":56},"end":{"line":54,"column":57}}],"line":54},"10":{"loc":{"start":{"line":55,"column":16},"end":{"line":55,"column":38}},"type":"binary-expr","locations":[{"start":{"line":55,"column":16},"end":{"line":55,"column":32}},{"start":{"line":55,"column":36},"end":{"line":55,"column":38}}],"line":55},"11":{"loc":{"start":{"line":56,"column":19},"end":{"line":56,"column":43}},"type":"binary-expr","locations":[{"start":{"line":56,"column":19},"end":{"line":56,"column":38}},{"start":{"line":56,"column":42},"end":{"line":56,"column":43}}],"line":56},"12":{"loc":{"start":{"line":57,"column":21},"end":{"line":57,"column":86}},"type":"cond-expr","locations":[{"start":{"line":57,"column":60},"end":{"line":57,"column":81}},{"start":{"line":57,"column":84},"end":{"line":57,"column":86}}],"line":57},"13":{"loc":{"start":{"line":76,"column":4},"end":{"line":76,"column":86}},"type":"if","locations":[{"start":{"line":76,"column":4},"end":{"line":76,"column":86}},{"start":{},"end":{}}],"line":76},"14":{"loc":{"start":{"line":81,"column":4},"end":{"line":83,"column":5}},"type":"if","locations":[{"start":{"line":81,"column":4},"end":{"line":83,"column":5}},{"start":{},"end":{}}],"line":81},"15":{"loc":{"start":{"line":96,"column":4},"end":{"line":96,"column":86}},"type":"if","locations":[{"start":{"line":96,"column":4},"end":{"line":96,"column":86}},{"start":{},"end":{}}],"line":96},"16":{"loc":{"start":{"line":98,"column":20},"end":{"line":98,"column":34}},"type":"binary-expr","locations":[{"start":{"line":98,"column":20},"end":{"line":98,"column":28}},{"start":{"line":98,"column":32},"end":{"line":98,"column":34}}],"line":98},"17":{"loc":{"start":{"line":103,"column":10},"end":{"line":109,"column":7}},"type":"binary-expr","locations":[{"start":{"line":103,"column":10},"end":{"line":103,"column":26}},{"start":{"line":103,"column":30},"end":{"line":109,"column":7}}],"line":103},"18":{"loc":{"start":{"line":105,"column":16},"end":{"line":105,"column":43}},"type":"binary-expr","locations":[{"start":{"line":105,"column":16},"end":{"line":105,"column":37}},{"start":{"line":105,"column":41},"end":{"line":105,"column":43}}],"line":105},"19":{"loc":{"start":{"line":106,"column":15},"end":{"line":106,"column":43}},"type":"binary-expr","locations":[{"start":{"line":106,"column":15},"end":{"line":106,"column":35}},{"start":{"line":106,"column":39},"end":{"line":106,"column":43}}],"line":106},"20":{"loc":{"start":{"line":107,"column":15},"end":{"line":107,"column":43}},"type":"binary-expr","locations":[{"start":{"line":107,"column":15},"end":{"line":107,"column":35}},{"start":{"line":107,"column":39},"end":{"line":107,"column":43}}],"line":107},"21":{"loc":{"start":{"line":119,"column":4},"end":{"line":119,"column":80}},"type":"if","locations":[{"start":{"line":119,"column":4},"end":{"line":119,"column":80}},{"start":{},"end":{}}],"line":119},"22":{"loc":{"start":{"line":132,"column":4},"end":{"line":132,"column":86}},"type":"if","locations":[{"start":{"line":132,"column":4},"end":{"line":132,"column":86}},{"start":{},"end":{}}],"line":132},"23":{"loc":{"start":{"line":137,"column":4},"end":{"line":137,"column":98}},"type":"if","locations":[{"start":{"line":137,"column":4},"end":{"line":137,"column":98}},{"start":{},"end":{}}],"line":137},"24":{"loc":{"start":{"line":150,"column":4},"end":{"line":150,"column":95}},"type":"if","locations":[{"start":{"line":150,"column":4},"end":{"line":150,"column":95}},{"start":{},"end":{}}],"line":150},"25":{"loc":{"start":{"line":160,"column":4},"end":{"line":160,"column":99}},"type":"if","locations":[{"start":{"line":160,"column":4},"end":{"line":160,"column":99}},{"start":{},"end":{}}],"line":160},"26":{"loc":{"start":{"line":166,"column":13},"end":{"line":166,"column":26}},"type":"binary-expr","locations":[{"start":{"line":166,"column":13},"end":{"line":166,"column":18}},{"start":{"line":166,"column":22},"end":{"line":166,"column":26}}],"line":166},"27":{"loc":{"start":{"line":167,"column":12},"end":{"line":167,"column":24}},"type":"binary-expr","locations":[{"start":{"line":167,"column":12},"end":{"line":167,"column":16}},{"start":{"line":167,"column":20},"end":{"line":167,"column":24}}],"line":167},"28":{"loc":{"start":{"line":182,"column":4},"end":{"line":182,"column":80}},"type":"if","locations":[{"start":{"line":182,"column":4},"end":{"line":182,"column":80}},{"start":{},"end":{}}],"line":182},"29":{"loc":{"start":{"line":195,"column":4},"end":{"line":196,"column":64}},"type":"if","locations":[{"start":{"line":195,"column":4},"end":{"line":196,"column":64}},{"start":{},"end":{}}],"line":195},"30":{"loc":{"start":{"line":195,"column":8},"end":{"line":195,"column":63}},"type":"binary-expr","locations":[{"start":{"line":195,"column":8},"end":{"line":195,"column":29}},{"start":{"line":195,"column":33},"end":{"line":195,"column":63}}],"line":195},"31":{"loc":{"start":{"line":206,"column":4},"end":{"line":208,"column":5}},"type":"if","locations":[{"start":{"line":206,"column":4},"end":{"line":208,"column":5}},{"start":{},"end":{}}],"line":206},"32":{"loc":{"start":{"line":216,"column":43},"end":{"line":216,"column":75}},"type":"binary-expr","locations":[{"start":{"line":216,"column":43},"end":{"line":216,"column":70}},{"start":{"line":216,"column":74},"end":{"line":216,"column":75}}],"line":216},"33":{"loc":{"start":{"line":223,"column":4},"end":{"line":223,"column":80}},"type":"if","locations":[{"start":{"line":223,"column":4},"end":{"line":223,"column":80}},{"start":{},"end":{}}],"line":223},"34":{"loc":{"start":{"line":236,"column":4},"end":{"line":236,"column":95}},"type":"if","locations":[{"start":{"line":236,"column":4},"end":{"line":236,"column":95}},{"start":{},"end":{}}],"line":236},"35":{"loc":{"start":{"line":239,"column":4},"end":{"line":239,"column":101}},"type":"if","locations":[{"start":{"line":239,"column":4},"end":{"line":239,"column":101}},{"start":{},"end":{}}],"line":239},"36":{"loc":{"start":{"line":239,"column":8},"end":{"line":239,"column":30}},"type":"binary-expr","locations":[{"start":{"line":239,"column":8},"end":{"line":239,"column":15}},{"start":{"line":239,"column":19},"end":{"line":239,"column":30}}],"line":239},"37":{"loc":{"start":{"line":251,"column":4},"end":{"line":251,"column":80}},"type":"if","locations":[{"start":{"line":251,"column":4},"end":{"line":251,"column":80}},{"start":{},"end":{}}],"line":251}},"s":{"0":9,"1":6,"2":6,"3":6,"4":6,"5":6,"6":6,"7":6,"8":2,"9":6,"10":1,"11":6,"12":2,"13":2,"14":6,"15":6,"16":6,"17":6,"18":0,"19":0,"20":9,"21":6,"22":6,"23":6,"24":6,"25":6,"26":6,"27":6,"28":0,"29":0,"30":9,"31":4,"32":4,"33":4,"34":2,"35":2,"36":2,"37":2,"38":1,"39":1,"40":0,"41":0,"42":9,"43":4,"44":4,"45":4,"46":1,"47":3,"48":3,"49":3,"50":3,"51":3,"52":1,"53":2,"54":0,"55":0,"56":9,"57":3,"58":3,"59":3,"60":0,"61":3,"62":3,"63":3,"64":1,"65":2,"66":0,"67":0,"68":9,"69":6,"70":6,"71":6,"72":1,"73":5,"74":5,"75":5,"76":5,"77":1,"78":4,"79":4,"80":4,"81":1,"82":3,"83":0,"84":0,"85":9,"86":5,"87":5,"88":5,"89":2,"90":3,"91":3,"92":3,"93":2,"94":1,"95":1,"96":0,"97":1,"98":0,"99":0,"100":9,"101":6,"102":6,"103":6,"104":1,"105":5,"106":5,"107":3,"108":2,"109":2,"110":2,"111":1,"112":1,"113":0,"114":0},"f":{"0":6,"1":6,"2":4,"3":4,"4":3,"5":6,"6":5,"7":6},"b":{"0":[2,4],"1":[1,5],"2":[2,4],"3":[5,1],"4":[5,5],"5":[5,5],"6":[5,5],"7":[1,5],"8":[6,6],"9":[6,6],"10":[6,1],"11":[6,3],"12":[0,6],"13":[2,2],"14":[1,1],"15":[1,3],"16":[3,0],"17":[3,0],"18":[0,0],"19":[0,0],"20":[0,0],"21":[1,2],"22":[0,3],"23":[1,2],"24":[1,5],"25":[1,4],"26":[4,3],"27":[4,3],"28":[1,3],"29":[2,3],"30":[5,4],"31":[2,1],"32":[1,0],"33":[0,1],"34":[1,5],"35":[3,2],"36":[5,3],"37":[1,1]},"inputSourceMap":null,"_coverageSchema":"1a1c01bbd47fc00a2c39e90264f33305004495a9","hash":"e17e5840f317d48f09a3472b3d9d8a79080ed0ef"}
,"C:\\Users\\radit\\Documents\\Hacktiv8\\Phase-3\\Week3\\CareConnect\\server\\controllers\\donationController.js": {"path":"C:\\Users\\radit\\Documents\\Hacktiv8\\Phase-3\\Week3\\CareConnect\\server\\controllers\\donationController.js","statementMap":{"0":{"start":{"line":9,"column":30},"end":{"line":55,"column":1}},"1":{"start":{"line":10,"column":2},"end":{"line":54,"column":3}},"2":{"start":{"line":11,"column":43},"end":{"line":11,"column":51}},"3":{"start":{"line":13,"column":4},"end":{"line":15,"column":5}},"4":{"start":{"line":14,"column":6},"end":{"line":14,"column":69}},"5":{"start":{"line":16,"column":4},"end":{"line":18,"column":5}},"6":{"start":{"line":17,"column":6},"end":{"line":17,"column":65}},"7":{"start":{"line":19,"column":4},"end":{"line":21,"column":5}},"8":{"start":{"line":20,"column":6},"end":{"line":20,"column":89}},"9":{"start":{"line":23,"column":22},"end":{"line":23,"column":51}},"10":{"start":{"line":24,"column":23},"end":{"line":24,"column":52}},"11":{"start":{"line":27,"column":24},"end":{"line":34,"column":5}},"12":{"start":{"line":36,"column":25},"end":{"line":36,"column":63}},"13":{"start":{"line":39,"column":4},"end":{"line":45,"column":6}},"14":{"start":{"line":47,"column":4},"end":{"line":50,"column":7}},"15":{"start":{"line":52,"column":4},"end":{"line":52,"column":53}},"16":{"start":{"line":53,"column":4},"end":{"line":53,"column":87}},"17":{"start":{"line":60,"column":28},"end":{"line":78,"column":1}},"18":{"start":{"line":61,"column":2},"end":{"line":77,"column":3}},"19":{"start":{"line":62,"column":35},"end":{"line":62,"column":44}},"20":{"start":{"line":63,"column":22},"end":{"line":63,"column":51}},"21":{"start":{"line":65,"column":19},"end":{"line":65,"column":21}},"22":{"start":{"line":66,"column":4},"end":{"line":67,"column":51}},"23":{"start":{"line":67,"column":6},"end":{"line":67,"column":51}},"24":{"start":{"line":68,"column":4},"end":{"line":69,"column":43}},"25":{"start":{"line":69,"column":6},"end":{"line":69,"column":43}},"26":{"start":{"line":71,"column":17},"end":{"line":71,"column":79}},"27":{"start":{"line":73,"column":4},"end":{"line":73,"column":61}},"28":{"start":{"line":75,"column":4},"end":{"line":75,"column":54}},"29":{"start":{"line":76,"column":4},"end":{"line":76,"column":88}},"30":{"start":{"line":83,"column":31},"end":{"line":99,"column":1}},"31":{"start":{"line":84,"column":2},"end":{"line":98,"column":3}},"32":{"start":{"line":85,"column":19},"end":{"line":85,"column":29}},"33":{"start":{"line":86,"column":4},"end":{"line":87,"column":70}},"34":{"start":{"line":87,"column":6},"end":{"line":87,"column":70}},"35":{"start":{"line":89,"column":22},"end":{"line":89,"column":51}},"36":{"start":{"line":90,"column":21},"end":{"line":90,"column":71}},"37":{"start":{"line":92,"column":4},"end":{"line":92,"column":82}},"38":{"start":{"line":92,"column":19},"end":{"line":92,"column":82}},"39":{"start":{"line":94,"column":4},"end":{"line":94,"column":45}},"40":{"start":{"line":96,"column":4},"end":{"line":96,"column":53}},"41":{"start":{"line":97,"column":4},"end":{"line":97,"column":87}}},"fnMap":{"0":{"name":"(anonymous_0)","decl":{"start":{"line":9,"column":30},"end":{"line":9,"column":31}},"loc":{"start":{"line":9,"column":50},"end":{"line":55,"column":1}},"line":9},"1":{"name":"(anonymous_1)","decl":{"start":{"line":60,"column":28},"end":{"line":60,"column":29}},"loc":{"start":{"line":60,"column":48},"end":{"line":78,"column":1}},"line":60},"2":{"name":"(anonymous_2)","decl":{"start":{"line":83,"column":31},"end":{"line":83,"column":32}},"loc":{"start":{"line":83,"column":51},"end":{"line":99,"column":1}},"line":83}},"branchMap":{"0":{"loc":{"start":{"line":13,"column":4},"end":{"line":15,"column":5}},"type":"if","locations":[{"start":{"line":13,"column":4},"end":{"line":15,"column":5}},{"start":{},"end":{}}],"line":13},"1":{"loc":{"start":{"line":16,"column":4},"end":{"line":18,"column":5}},"type":"if","locations":[{"start":{"line":16,"column":4},"end":{"line":18,"column":5}},{"start":{},"end":{}}],"line":16},"2":{"loc":{"start":{"line":19,"column":4},"end":{"line":21,"column":5}},"type":"if","locations":[{"start":{"line":19,"column":4},"end":{"line":21,"column":5}},{"start":{},"end":{}}],"line":19},"3":{"loc":{"start":{"line":19,"column":8},"end":{"line":19,"column":30}},"type":"binary-expr","locations":[{"start":{"line":19,"column":8},"end":{"line":19,"column":15}},{"start":{"line":19,"column":19},"end":{"line":19,"column":30}}],"line":19},"4":{"loc":{"start":{"line":66,"column":4},"end":{"line":67,"column":51}},"type":"if","locations":[{"start":{"line":66,"column":4},"end":{"line":67,"column":51}},{"start":{},"end":{}}],"line":66},"5":{"loc":{"start":{"line":66,"column":8},"end":{"line":66,"column":50}},"type":"binary-expr","locations":[{"start":{"line":66,"column":8},"end":{"line":66,"column":18}},{"start":{"line":66,"column":22},"end":{"line":66,"column":50}}],"line":66},"6":{"loc":{"start":{"line":68,"column":4},"end":{"line":69,"column":43}},"type":"if","locations":[{"start":{"line":68,"column":4},"end":{"line":69,"column":43}},{"start":{},"end":{}}],"line":68},"7":{"loc":{"start":{"line":68,"column":8},"end":{"line":68,"column":42}},"type":"binary-expr","locations":[{"start":{"line":68,"column":8},"end":{"line":68,"column":14}},{"start":{"line":68,"column":18},"end":{"line":68,"column":42}}],"line":68},"8":{"loc":{"start":{"line":86,"column":4},"end":{"line":87,"column":70}},"type":"if","locations":[{"start":{"line":86,"column":4},"end":{"line":87,"column":70}},{"start":{},"end":{}}],"line":86},"9":{"loc":{"start":{"line":92,"column":4},"end":{"line":92,"column":82}},"type":"if","locations":[{"start":{"line":92,"column":4},"end":{"line":92,"column":82}},{"start":{},"end":{}}],"line":92}},"s":{"0":9,"1":12,"2":12,"3":12,"4":2,"5":10,"6":1,"7":9,"8":5,"9":4,"10":4,"11":4,"12":4,"13":4,"14":4,"15":0,"16":0,"17":9,"18":12,"19":12,"20":12,"21":12,"22":12,"23":4,"24":12,"25":4,"26":12,"27":12,"28":0,"29":0,"30":9,"31":4,"32":4,"33":4,"34":1,"35":3,"36":3,"37":3,"38":1,"39":2,"40":0,"41":0},"f":{"0":12,"1":12,"2":4},"b":{"0":[2,10],"1":[1,9],"2":[5,4],"3":[9,6],"4":[4,8],"5":[12,6],"6":[4,8],"7":[12,5],"8":[1,3],"9":[1,2]},"inputSourceMap":null,"_coverageSchema":"1a1c01bbd47fc00a2c39e90264f33305004495a9","hash":"db3e1bd4f4deecb55f95634b518fd8cb2661e9fa"}
,"C:\\Users\\radit\\Documents\\Hacktiv8\\Phase-3\\Week3\\CareConnect\\server\\controllers\\expenseController.js": {"path":"C:\\Users\\radit\\Documents\\Hacktiv8\\Phase-3\\Week3\\CareConnect\\server\\controllers\\expenseController.js","statementMap":{"0":{"start":{"line":9,"column":29},"end":{"line":61,"column":1}},"1":{"start":{"line":10,"column":2},"end":{"line":60,"column":3}},"2":{"start":{"line":11,"column":42},"end":{"line":11,"column":50}},"3":{"start":{"line":14,"column":4},"end":{"line":18,"column":5}},"4":{"start":{"line":15,"column":6},"end":{"line":17,"column":9}},"5":{"start":{"line":20,"column":4},"end":{"line":22,"column":5}},"6":{"start":{"line":21,"column":6},"end":{"line":21,"column":76}},"7":{"start":{"line":24,"column":4},"end":{"line":28,"column":5}},"8":{"start":{"line":25,"column":6},"end":{"line":27,"column":9}},"9":{"start":{"line":31,"column":31},"end":{"line":31,"column":60}},"10":{"start":{"line":32,"column":21},"end":{"line":34,"column":6}},"11":{"start":{"line":36,"column":4},"end":{"line":38,"column":5}},"12":{"start":{"line":37,"column":6},"end":{"line":37,"column":69}},"13":{"start":{"line":40,"column":23},"end":{"line":40,"column":51}},"14":{"start":{"line":42,"column":20},"end":{"line":48,"column":5}},"15":{"start":{"line":50,"column":19},"end":{"line":50,"column":54}},"16":{"start":{"line":51,"column":28},"end":{"line":51,"column":80}},"17":{"start":{"line":53,"column":4},"end":{"line":56,"column":7}},"18":{"start":{"line":58,"column":4},"end":{"line":58,"column":52}},"19":{"start":{"line":59,"column":4},"end":{"line":59,"column":16}},"20":{"start":{"line":67,"column":27},"end":{"line":93,"column":1}},"21":{"start":{"line":68,"column":2},"end":{"line":92,"column":3}},"22":{"start":{"line":69,"column":27},"end":{"line":69,"column":36}},"23":{"start":{"line":70,"column":23},"end":{"line":70,"column":51}},"24":{"start":{"line":72,"column":19},"end":{"line":72,"column":21}},"25":{"start":{"line":73,"column":4},"end":{"line":78,"column":5}},"26":{"start":{"line":74,"column":6},"end":{"line":76,"column":7}},"27":{"start":{"line":75,"column":8},"end":{"line":75,"column":78}},"28":{"start":{"line":77,"column":6},"end":{"line":77,"column":51}},"29":{"start":{"line":80,"column":21},"end":{"line":83,"column":16}},"30":{"start":{"line":85,"column":4},"end":{"line":88,"column":7}},"31":{"start":{"line":90,"column":4},"end":{"line":90,"column":53}},"32":{"start":{"line":91,"column":4},"end":{"line":91,"column":16}},"33":{"start":{"line":99,"column":37},"end":{"line":125,"column":1}},"34":{"start":{"line":100,"column":2},"end":{"line":124,"column":3}},"35":{"start":{"line":101,"column":27},"end":{"line":101,"column":37}},"36":{"start":{"line":103,"column":4},"end":{"line":105,"column":5}},"37":{"start":{"line":104,"column":6},"end":{"line":104,"column":76}},"38":{"start":{"line":107,"column":23},"end":{"line":107,"column":51}},"39":{"start":{"line":108,"column":21},"end":{"line":111,"column":16}},"40":{"start":{"line":114,"column":26},"end":{"line":114,"column":84}},"41":{"start":{"line":114,"column":60},"end":{"line":114,"column":80}},"42":{"start":{"line":116,"column":4},"end":{"line":120,"column":7}},"43":{"start":{"line":122,"column":4},"end":{"line":122,"column":65}},"44":{"start":{"line":123,"column":4},"end":{"line":123,"column":16}},"45":{"start":{"line":130,"column":30},"end":{"line":150,"column":1}},"46":{"start":{"line":131,"column":2},"end":{"line":149,"column":3}},"47":{"start":{"line":132,"column":19},"end":{"line":132,"column":29}},"48":{"start":{"line":134,"column":4},"end":{"line":136,"column":5}},"49":{"start":{"line":135,"column":6},"end":{"line":135,"column":76}},"50":{"start":{"line":138,"column":23},"end":{"line":138,"column":51}},"51":{"start":{"line":139,"column":20},"end":{"line":139,"column":71}},"52":{"start":{"line":141,"column":4},"end":{"line":143,"column":5}},"53":{"start":{"line":142,"column":6},"end":{"line":142,"column":68}},"54":{"start":{"line":145,"column":4},"end":{"line":145,"column":44}},"55":{"start":{"line":147,"column":4},"end":{"line":147,"column":52}},"56":{"start":{"line":148,"column":4},"end":{"line":148,"column":16}},"57":{"start":{"line":155,"column":29},"end":{"line":199,"column":1}},"58":{"start":{"line":156,"column":2},"end":{"line":198,"column":3}},"59":{"start":{"line":157,"column":19},"end":{"line":157,"column":29}},"60":{"start":{"line":158,"column":30},"end":{"line":158,"column":38}},"61":{"start":{"line":160,"column":4},"end":{"line":162,"column":5}},"62":{"start":{"line":161,"column":6},"end":{"line":161,"column":76}},"63":{"start":{"line":164,"column":23},"end":{"line":164,"column":48}},"64":{"start":{"line":166,"column":4},"end":{"line":171,"column":5}},"65":{"start":{"line":167,"column":6},"end":{"line":169,"column":7}},"66":{"start":{"line":168,"column":8},"end":{"line":168,"column":85}},"67":{"start":{"line":170,"column":6},"end":{"line":170,"column":38}},"68":{"start":{"line":173,"column":4},"end":{"line":178,"column":5}},"69":{"start":{"line":174,"column":6},"end":{"line":176,"column":7}},"70":{"start":{"line":175,"column":8},"end":{"line":175,"column":85}},"71":{"start":{"line":177,"column":6},"end":{"line":177,"column":33}},"72":{"start":{"line":180,"column":23},"end":{"line":180,"column":51}},"73":{"start":{"line":181,"column":19},"end":{"line":185,"column":5}},"74":{"start":{"line":187,"column":4},"end":{"line":189,"column":5}},"75":{"start":{"line":188,"column":6},"end":{"line":188,"column":68}},"76":{"start":{"line":191,"column":4},"end":{"line":194,"column":7}},"77":{"start":{"line":196,"column":4},"end":{"line":196,"column":52}},"78":{"start":{"line":197,"column":4},"end":{"line":197,"column":16}},"79":{"start":{"line":204,"column":29},"end":{"line":224,"column":1}},"80":{"start":{"line":205,"column":2},"end":{"line":223,"column":3}},"81":{"start":{"line":206,"column":19},"end":{"line":206,"column":29}},"82":{"start":{"line":208,"column":4},"end":{"line":210,"column":5}},"83":{"start":{"line":209,"column":6},"end":{"line":209,"column":76}},"84":{"start":{"line":212,"column":23},"end":{"line":212,"column":51}},"85":{"start":{"line":213,"column":19},"end":{"line":213,"column":72}},"86":{"start":{"line":215,"column":4},"end":{"line":217,"column":5}},"87":{"start":{"line":216,"column":6},"end":{"line":216,"column":68}},"88":{"start":{"line":219,"column":4},"end":{"line":219,"column":70}},"89":{"start":{"line":221,"column":4},"end":{"line":221,"column":52}},"90":{"start":{"line":222,"column":4},"end":{"line":222,"column":16}}},"fnMap":{"0":{"name":"(anonymous_0)","decl":{"start":{"line":9,"column":29},"end":{"line":9,"column":30}},"loc":{"start":{"line":9,"column":55},"end":{"line":61,"column":1}},"line":9},"1":{"name":"(anonymous_1)","decl":{"start":{"line":67,"column":27},"end":{"line":67,"column":28}},"loc":{"start":{"line":67,"column":53},"end":{"line":93,"column":1}},"line":67},"2":{"name":"(anonymous_2)","decl":{"start":{"line":99,"column":37},"end":{"line":99,"column":38}},"loc":{"start":{"line":99,"column":63},"end":{"line":125,"column":1}},"line":99},"3":{"name":"(anonymous_3)","decl":{"start":{"line":114,"column":42},"end":{"line":114,"column":43}},"loc":{"start":{"line":114,"column":60},"end":{"line":114,"column":80}},"line":114},"4":{"name":"(anonymous_4)","decl":{"start":{"line":130,"column":30},"end":{"line":130,"column":31}},"loc":{"start":{"line":130,"column":56},"end":{"line":150,"column":1}},"line":130},"5":{"name":"(anonymous_5)","decl":{"start":{"line":155,"column":29},"end":{"line":155,"column":30}},"loc":{"start":{"line":155,"column":55},"end":{"line":199,"column":1}},"line":155},"6":{"name":"(anonymous_6)","decl":{"start":{"line":204,"column":29},"end":{"line":204,"column":30}},"loc":{"start":{"line":204,"column":55},"end":{"line":224,"column":1}},"line":204}},"branchMap":{"0":{"loc":{"start":{"line":14,"column":4},"end":{"line":18,"column":5}},"type":"if","locations":[{"start":{"line":14,"column":4},"end":{"line":18,"column":5}},{"start":{},"end":{}}],"line":14},"1":{"loc":{"start":{"line":14,"column":8},"end":{"line":14,"column":40}},"type":"binary-expr","locations":[{"start":{"line":14,"column":8},"end":{"line":14,"column":19}},{"start":{"line":14,"column":23},"end":{"line":14,"column":29}},{"start":{"line":14,"column":33},"end":{"line":14,"column":40}}],"line":14},"2":{"loc":{"start":{"line":20,"column":4},"end":{"line":22,"column":5}},"type":"if","locations":[{"start":{"line":20,"column":4},"end":{"line":22,"column":5}},{"start":{},"end":{}}],"line":20},"3":{"loc":{"start":{"line":24,"column":4},"end":{"line":28,"column":5}},"type":"if","locations":[{"start":{"line":24,"column":4},"end":{"line":28,"column":5}},{"start":{},"end":{}}],"line":24},"4":{"loc":{"start":{"line":24,"column":8},"end":{"line":24,"column":49}},"type":"binary-expr","locations":[{"start":{"line":24,"column":8},"end":{"line":24,"column":34}},{"start":{"line":24,"column":38},"end":{"line":24,"column":49}}],"line":24},"5":{"loc":{"start":{"line":36,"column":4},"end":{"line":38,"column":5}},"type":"if","locations":[{"start":{"line":36,"column":4},"end":{"line":38,"column":5}},{"start":{},"end":{}}],"line":36},"6":{"loc":{"start":{"line":73,"column":4},"end":{"line":78,"column":5}},"type":"if","locations":[{"start":{"line":73,"column":4},"end":{"line":78,"column":5}},{"start":{},"end":{}}],"line":73},"7":{"loc":{"start":{"line":74,"column":6},"end":{"line":76,"column":7}},"type":"if","locations":[{"start":{"line":74,"column":6},"end":{"line":76,"column":7}},{"start":{},"end":{}}],"line":74},"8":{"loc":{"start":{"line":103,"column":4},"end":{"line":105,"column":5}},"type":"if","locations":[{"start":{"line":103,"column":4},"end":{"line":105,"column":5}},{"start":{},"end":{}}],"line":103},"9":{"loc":{"start":{"line":134,"column":4},"end":{"line":136,"column":5}},"type":"if","locations":[{"start":{"line":134,"column":4},"end":{"line":136,"column":5}},{"start":{},"end":{}}],"line":134},"10":{"loc":{"start":{"line":141,"column":4},"end":{"line":143,"column":5}},"type":"if","locations":[{"start":{"line":141,"column":4},"end":{"line":143,"column":5}},{"start":{},"end":{}}],"line":141},"11":{"loc":{"start":{"line":160,"column":4},"end":{"line":162,"column":5}},"type":"if","locations":[{"start":{"line":160,"column":4},"end":{"line":162,"column":5}},{"start":{},"end":{}}],"line":160},"12":{"loc":{"start":{"line":166,"column":4},"end":{"line":171,"column":5}},"type":"if","locations":[{"start":{"line":166,"column":4},"end":{"line":171,"column":5}},{"start":{},"end":{}}],"line":166},"13":{"loc":{"start":{"line":167,"column":6},"end":{"line":169,"column":7}},"type":"if","locations":[{"start":{"line":167,"column":6},"end":{"line":169,"column":7}},{"start":{},"end":{}}],"line":167},"14":{"loc":{"start":{"line":167,"column":10},"end":{"line":167,"column":64}},"type":"binary-expr","locations":[{"start":{"line":167,"column":10},"end":{"line":167,"column":35}},{"start":{"line":167,"column":39},"end":{"line":167,"column":64}}],"line":167},"15":{"loc":{"start":{"line":173,"column":4},"end":{"line":178,"column":5}},"type":"if","locations":[{"start":{"line":173,"column":4},"end":{"line":178,"column":5}},{"start":{},"end":{}}],"line":173},"16":{"loc":{"start":{"line":174,"column":6},"end":{"line":176,"column":7}},"type":"if","locations":[{"start":{"line":174,"column":6},"end":{"line":176,"column":7}},{"start":{},"end":{}}],"line":174},"17":{"loc":{"start":{"line":174,"column":10},"end":{"line":174,"column":51}},"type":"binary-expr","locations":[{"start":{"line":174,"column":10},"end":{"line":174,"column":36}},{"start":{"line":174,"column":40},"end":{"line":174,"column":51}}],"line":174},"18":{"loc":{"start":{"line":187,"column":4},"end":{"line":189,"column":5}},"type":"if","locations":[{"start":{"line":187,"column":4},"end":{"line":189,"column":5}},{"start":{},"end":{}}],"line":187},"19":{"loc":{"start":{"line":208,"column":4},"end":{"line":210,"column":5}},"type":"if","locations":[{"start":{"line":208,"column":4},"end":{"line":210,"column":5}},{"start":{},"end":{}}],"line":208},"20":{"loc":{"start":{"line":215,"column":4},"end":{"line":217,"column":5}},"type":"if","locations":[{"start":{"line":215,"column":4},"end":{"line":217,"column":5}},{"start":{},"end":{}}],"line":215}},"s":{"0":9,"1":14,"2":14,"3":14,"4":6,"5":8,"6":1,"7":7,"8":2,"9":5,"10":5,"11":5,"12":1,"13":4,"14":4,"15":4,"16":4,"17":4,"18":0,"19":0,"20":9,"21":5,"22":5,"23":5,"24":5,"25":5,"26":3,"27":1,"28":2,"29":4,"30":4,"31":0,"32":0,"33":9,"34":3,"35":3,"36":3,"37":1,"38":2,"39":2,"40":2,"41":2,"42":2,"43":0,"44":0,"45":9,"46":3,"47":3,"48":3,"49":1,"50":2,"51":2,"52":2,"53":1,"54":1,"55":0,"56":0,"57":9,"58":11,"59":11,"60":11,"61":11,"62":1,"63":10,"64":10,"65":6,"66":2,"67":4,"68":8,"69":5,"70":3,"71":2,"72":5,"73":5,"74":5,"75":1,"76":4,"77":0,"78":0,"79":9,"80":3,"81":3,"82":3,"83":1,"84":2,"85":2,"86":2,"87":1,"88":1,"89":0,"90":0},"f":{"0":14,"1":5,"2":3,"3":2,"4":3,"5":11,"6":3},"b":{"0":[6,8],"1":[14,12,11],"2":[1,7],"3":[2,5],"4":[7,7],"5":[1,4],"6":[3,2],"7":[1,2],"8":[1,2],"9":[1,2],"10":[1,1],"11":[1,10],"12":[6,4],"13":[2,4],"14":[6,5],"15":[5,3],"16":[3,2],"17":[5,4],"18":[1,4],"19":[1,2],"20":[1,1]},"inputSourceMap":null,"_coverageSchema":"1a1c01bbd47fc00a2c39e90264f33305004495a9","hash":"60e42a75fa4eff0cadbf27b9e0f43d6494ee8b02"}
,"C:\\Users\\radit\\Documents\\Hacktiv8\\Phase-3\\Week3\\CareConnect\\server\\controllers\\newsController.js": {"path":"C:\\Users\\radit\\Documents\\Hacktiv8\\Phase-3\\Week3\\CareConnect\\server\\controllers\\newsController.js","statementMap":{"0":{"start":{"line":9,"column":26},"end":{"line":56,"column":1}},"1":{"start":{"line":10,"column":2},"end":{"line":55,"column":3}},"2":{"start":{"line":11,"column":51},"end":{"line":11,"column":59}},"3":{"start":{"line":14,"column":4},"end":{"line":18,"column":5}},"4":{"start":{"line":15,"column":6},"end":{"line":17,"column":9}},"5":{"start":{"line":20,"column":4},"end":{"line":22,"column":5}},"6":{"start":{"line":21,"column":6},"end":{"line":21,"column":76}},"7":{"start":{"line":25,"column":31},"end":{"line":25,"column":60}},"8":{"start":{"line":26,"column":21},"end":{"line":28,"column":6}},"9":{"start":{"line":30,"column":4},"end":{"line":32,"column":5}},"10":{"start":{"line":31,"column":6},"end":{"line":31,"column":69}},"11":{"start":{"line":34,"column":23},"end":{"line":34,"column":48}},"12":{"start":{"line":36,"column":17},"end":{"line":43,"column":5}},"13":{"start":{"line":45,"column":19},"end":{"line":45,"column":51}},"14":{"start":{"line":46,"column":25},"end":{"line":46,"column":77}},"15":{"start":{"line":48,"column":4},"end":{"line":51,"column":7}},"16":{"start":{"line":53,"column":4},"end":{"line":53,"column":49}},"17":{"start":{"line":54,"column":4},"end":{"line":54,"column":16}},"18":{"start":{"line":62,"column":26},"end":{"line":88,"column":1}},"19":{"start":{"line":63,"column":2},"end":{"line":87,"column":3}},"20":{"start":{"line":64,"column":27},"end":{"line":64,"column":36}},"21":{"start":{"line":65,"column":23},"end":{"line":65,"column":48}},"22":{"start":{"line":67,"column":19},"end":{"line":67,"column":21}},"23":{"start":{"line":68,"column":4},"end":{"line":73,"column":5}},"24":{"start":{"line":69,"column":6},"end":{"line":71,"column":7}},"25":{"start":{"line":70,"column":8},"end":{"line":70,"column":78}},"26":{"start":{"line":72,"column":6},"end":{"line":72,"column":51}},"27":{"start":{"line":75,"column":17},"end":{"line":78,"column":16}},"28":{"start":{"line":80,"column":4},"end":{"line":83,"column":7}},"29":{"start":{"line":85,"column":4},"end":{"line":85,"column":49}},"30":{"start":{"line":86,"column":4},"end":{"line":86,"column":16}},"31":{"start":{"line":94,"column":33},"end":{"line":116,"column":1}},"32":{"start":{"line":95,"column":2},"end":{"line":115,"column":3}},"33":{"start":{"line":96,"column":27},"end":{"line":96,"column":37}},"34":{"start":{"line":98,"column":4},"end":{"line":100,"column":5}},"35":{"start":{"line":99,"column":6},"end":{"line":99,"column":76}},"36":{"start":{"line":102,"column":23},"end":{"line":102,"column":48}},"37":{"start":{"line":103,"column":17},"end":{"line":106,"column":16}},"38":{"start":{"line":108,"column":4},"end":{"line":111,"column":7}},"39":{"start":{"line":113,"column":4},"end":{"line":113,"column":61}},"40":{"start":{"line":114,"column":4},"end":{"line":114,"column":16}},"41":{"start":{"line":122,"column":29},"end":{"line":146,"column":1}},"42":{"start":{"line":123,"column":2},"end":{"line":145,"column":3}},"43":{"start":{"line":124,"column":27},"end":{"line":124,"column":36}},"44":{"start":{"line":125,"column":23},"end":{"line":125,"column":48}},"45":{"start":{"line":127,"column":21},"end":{"line":127,"column":36}},"46":{"start":{"line":128,"column":4},"end":{"line":130,"column":5}},"47":{"start":{"line":129,"column":6},"end":{"line":129,"column":74}},"48":{"start":{"line":132,"column":17},"end":{"line":136,"column":16}},"49":{"start":{"line":138,"column":4},"end":{"line":141,"column":7}},"50":{"start":{"line":143,"column":4},"end":{"line":143,"column":56}},"51":{"start":{"line":144,"column":4},"end":{"line":144,"column":16}},"52":{"start":{"line":151,"column":27},"end":{"line":171,"column":1}},"53":{"start":{"line":152,"column":2},"end":{"line":170,"column":3}},"54":{"start":{"line":153,"column":19},"end":{"line":153,"column":29}},"55":{"start":{"line":155,"column":4},"end":{"line":157,"column":5}},"56":{"start":{"line":156,"column":6},"end":{"line":156,"column":73}},"57":{"start":{"line":159,"column":23},"end":{"line":159,"column":48}},"58":{"start":{"line":160,"column":17},"end":{"line":160,"column":68}},"59":{"start":{"line":162,"column":4},"end":{"line":164,"column":5}},"60":{"start":{"line":163,"column":6},"end":{"line":163,"column":65}},"61":{"start":{"line":166,"column":4},"end":{"line":166,"column":41}},"62":{"start":{"line":168,"column":4},"end":{"line":168,"column":49}},"63":{"start":{"line":169,"column":4},"end":{"line":169,"column":16}},"64":{"start":{"line":176,"column":26},"end":{"line":227,"column":1}},"65":{"start":{"line":177,"column":2},"end":{"line":226,"column":3}},"66":{"start":{"line":178,"column":19},"end":{"line":178,"column":29}},"67":{"start":{"line":179,"column":39},"end":{"line":179,"column":47}},"68":{"start":{"line":181,"column":4},"end":{"line":183,"column":5}},"69":{"start":{"line":182,"column":6},"end":{"line":182,"column":73}},"70":{"start":{"line":185,"column":23},"end":{"line":185,"column":48}},"71":{"start":{"line":187,"column":4},"end":{"line":192,"column":5}},"72":{"start":{"line":188,"column":6},"end":{"line":190,"column":7}},"73":{"start":{"line":189,"column":8},"end":{"line":189,"column":85}},"74":{"start":{"line":191,"column":6},"end":{"line":191,"column":38}},"75":{"start":{"line":194,"column":4},"end":{"line":199,"column":5}},"76":{"start":{"line":195,"column":6},"end":{"line":197,"column":7}},"77":{"start":{"line":196,"column":8},"end":{"line":196,"column":87}},"78":{"start":{"line":198,"column":6},"end":{"line":198,"column":42}},"79":{"start":{"line":201,"column":4},"end":{"line":206,"column":5}},"80":{"start":{"line":202,"column":6},"end":{"line":204,"column":7}},"81":{"start":{"line":203,"column":8},"end":{"line":203,"column":76}},"82":{"start":{"line":205,"column":6},"end":{"line":205,"column":33}},"83":{"start":{"line":208,"column":23},"end":{"line":208,"column":48}},"84":{"start":{"line":209,"column":19},"end":{"line":213,"column":5}},"85":{"start":{"line":215,"column":4},"end":{"line":217,"column":5}},"86":{"start":{"line":216,"column":6},"end":{"line":216,"column":65}},"87":{"start":{"line":219,"column":4},"end":{"line":222,"column":7}},"88":{"start":{"line":224,"column":4},"end":{"line":224,"column":49}},"89":{"start":{"line":225,"column":4},"end":{"line":225,"column":16}},"90":{"start":{"line":232,"column":26},"end":{"line":252,"column":1}},"91":{"start":{"line":233,"column":2},"end":{"line":251,"column":3}},"92":{"start":{"line":234,"column":19},"end":{"line":234,"column":29}},"93":{"start":{"line":236,"column":4},"end":{"line":238,"column":5}},"94":{"start":{"line":237,"column":6},"end":{"line":237,"column":73}},"95":{"start":{"line":240,"column":23},"end":{"line":240,"column":48}},"96":{"start":{"line":241,"column":19},"end":{"line":241,"column":72}},"97":{"start":{"line":243,"column":4},"end":{"line":245,"column":5}},"98":{"start":{"line":244,"column":6},"end":{"line":244,"column":65}},"99":{"start":{"line":247,"column":4},"end":{"line":247,"column":67}},"100":{"start":{"line":249,"column":4},"end":{"line":249,"column":49}},"101":{"start":{"line":250,"column":4},"end":{"line":250,"column":16}}},"fnMap":{"0":{"name":"(anonymous_0)","decl":{"start":{"line":9,"column":26},"end":{"line":9,"column":27}},"loc":{"start":{"line":9,"column":52},"end":{"line":56,"column":1}},"line":9},"1":{"name":"(anonymous_1)","decl":{"start":{"line":62,"column":26},"end":{"line":62,"column":27}},"loc":{"start":{"line":62,"column":52},"end":{"line":88,"column":1}},"line":62},"2":{"name":"(anonymous_2)","decl":{"start":{"line":94,"column":33},"end":{"line":94,"column":34}},"loc":{"start":{"line":94,"column":59},"end":{"line":116,"column":1}},"line":94},"3":{"name":"(anonymous_3)","decl":{"start":{"line":122,"column":29},"end":{"line":122,"column":30}},"loc":{"start":{"line":122,"column":55},"end":{"line":146,"column":1}},"line":122},"4":{"name":"(anonymous_4)","decl":{"start":{"line":151,"column":27},"end":{"line":151,"column":28}},"loc":{"start":{"line":151,"column":53},"end":{"line":171,"column":1}},"line":151},"5":{"name":"(anonymous_5)","decl":{"start":{"line":176,"column":26},"end":{"line":176,"column":27}},"loc":{"start":{"line":176,"column":52},"end":{"line":227,"column":1}},"line":176},"6":{"name":"(anonymous_6)","decl":{"start":{"line":232,"column":26},"end":{"line":232,"column":27}},"loc":{"start":{"line":232,"column":52},"end":{"line":252,"column":1}},"line":232}},"branchMap":{"0":{"loc":{"start":{"line":14,"column":4},"end":{"line":18,"column":5}},"type":"if","locations":[{"start":{"line":14,"column":4},"end":{"line":18,"column":5}},{"start":{},"end":{}}],"line":14},"1":{"loc":{"start":{"line":14,"column":8},"end":{"line":14,"column":41}},"type":"binary-expr","locations":[{"start":{"line":14,"column":8},"end":{"line":14,"column":19}},{"start":{"line":14,"column":23},"end":{"line":14,"column":29}},{"start":{"line":14,"column":33},"end":{"line":14,"column":41}}],"line":14},"2":{"loc":{"start":{"line":20,"column":4},"end":{"line":22,"column":5}},"type":"if","locations":[{"start":{"line":20,"column":4},"end":{"line":22,"column":5}},{"start":{},"end":{}}],"line":20},"3":{"loc":{"start":{"line":30,"column":4},"end":{"line":32,"column":5}},"type":"if","locations":[{"start":{"line":30,"column":4},"end":{"line":32,"column":5}},{"start":{},"end":{}}],"line":30},"4":{"loc":{"start":{"line":40,"column":14},"end":{"line":40,"column":49}},"type":"cond-expr","locations":[{"start":{"line":40,"column":38},"end":{"line":40,"column":44}},{"start":{"line":40,"column":47},"end":{"line":40,"column":49}}],"line":40},"5":{"loc":{"start":{"line":68,"column":4},"end":{"line":73,"column":5}},"type":"if","locations":[{"start":{"line":68,"column":4},"end":{"line":73,"column":5}},{"start":{},"end":{}}],"line":68},"6":{"loc":{"start":{"line":69,"column":6},"end":{"line":71,"column":7}},"type":"if","locations":[{"start":{"line":69,"column":6},"end":{"line":71,"column":7}},{"start":{},"end":{}}],"line":69},"7":{"loc":{"start":{"line":98,"column":4},"end":{"line":100,"column":5}},"type":"if","locations":[{"start":{"line":98,"column":4},"end":{"line":100,"column":5}},{"start":{},"end":{}}],"line":98},"8":{"loc":{"start":{"line":124,"column":12},"end":{"line":124,"column":22}},"type":"default-arg","locations":[{"start":{"line":124,"column":20},"end":{"line":124,"column":22}}],"line":124},"9":{"loc":{"start":{"line":128,"column":4},"end":{"line":130,"column":5}},"type":"if","locations":[{"start":{"line":128,"column":4},"end":{"line":130,"column":5}},{"start":{},"end":{}}],"line":128},"10":{"loc":{"start":{"line":128,"column":8},"end":{"line":128,"column":40}},"type":"binary-expr","locations":[{"start":{"line":128,"column":8},"end":{"line":128,"column":23}},{"start":{"line":128,"column":27},"end":{"line":128,"column":40}}],"line":128},"11":{"loc":{"start":{"line":155,"column":4},"end":{"line":157,"column":5}},"type":"if","locations":[{"start":{"line":155,"column":4},"end":{"line":157,"column":5}},{"start":{},"end":{}}],"line":155},"12":{"loc":{"start":{"line":162,"column":4},"end":{"line":164,"column":5}},"type":"if","locations":[{"start":{"line":162,"column":4},"end":{"line":164,"column":5}},{"start":{},"end":{}}],"line":162},"13":{"loc":{"start":{"line":181,"column":4},"end":{"line":183,"column":5}},"type":"if","locations":[{"start":{"line":181,"column":4},"end":{"line":183,"column":5}},{"start":{},"end":{}}],"line":181},"14":{"loc":{"start":{"line":187,"column":4},"end":{"line":192,"column":5}},"type":"if","locations":[{"start":{"line":187,"column":4},"end":{"line":192,"column":5}},{"start":{},"end":{}}],"line":187},"15":{"loc":{"start":{"line":188,"column":6},"end":{"line":190,"column":7}},"type":"if","locations":[{"start":{"line":188,"column":6},"end":{"line":190,"column":7}},{"start":{},"end":{}}],"line":188},"16":{"loc":{"start":{"line":188,"column":10},"end":{"line":188,"column":64}},"type":"binary-expr","locations":[{"start":{"line":188,"column":10},"end":{"line":188,"column":35}},{"start":{"line":188,"column":39},"end":{"line":188,"column":64}}],"line":188},"17":{"loc":{"start":{"line":194,"column":4},"end":{"line":199,"column":5}},"type":"if","locations":[{"start":{"line":194,"column":4},"end":{"line":199,"column":5}},{"start":{},"end":{}}],"line":194},"18":{"loc":{"start":{"line":195,"column":6},"end":{"line":197,"column":7}},"type":"if","locations":[{"start":{"line":195,"column":6},"end":{"line":197,"column":7}},{"start":{},"end":{}}],"line":195},"19":{"loc":{"start":{"line":195,"column":10},"end":{"line":195,"column":68}},"type":"binary-expr","locations":[{"start":{"line":195,"column":10},"end":{"line":195,"column":37}},{"start":{"line":195,"column":41},"end":{"line":195,"column":68}}],"line":195},"20":{"loc":{"start":{"line":201,"column":4},"end":{"line":206,"column":5}},"type":"if","locations":[{"start":{"line":201,"column":4},"end":{"line":206,"column":5}},{"start":{},"end":{}}],"line":201},"21":{"loc":{"start":{"line":202,"column":6},"end":{"line":204,"column":7}},"type":"if","locations":[{"start":{"line":202,"column":6},"end":{"line":204,"column":7}},{"start":{},"end":{}}],"line":202},"22":{"loc":{"start":{"line":215,"column":4},"end":{"line":217,"column":5}},"type":"if","locations":[{"start":{"line":215,"column":4},"end":{"line":217,"column":5}},{"start":{},"end":{}}],"line":215},"23":{"loc":{"start":{"line":236,"column":4},"end":{"line":238,"column":5}},"type":"if","locations":[{"start":{"line":236,"column":4},"end":{"line":238,"column":5}},{"start":{},"end":{}}],"line":236},"24":{"loc":{"start":{"line":243,"column":4},"end":{"line":245,"column":5}},"type":"if","locations":[{"start":{"line":243,"column":4},"end":{"line":245,"column":5}},{"start":{},"end":{}}],"line":243}},"s":{"0":9,"1":12,"2":12,"3":12,"4":4,"5":8,"6":1,"7":7,"8":7,"9":7,"10":2,"11":5,"12":5,"13":5,"14":5,"15":5,"16":0,"17":0,"18":9,"19":5,"20":5,"21":5,"22":5,"23":5,"24":4,"25":2,"26":2,"27":3,"28":3,"29":0,"30":0,"31":9,"32":5,"33":5,"34":5,"35":2,"36":3,"37":3,"38":3,"39":0,"40":0,"41":9,"42":6,"43":6,"44":6,"45":6,"46":6,"47":3,"48":3,"49":3,"50":0,"51":0,"52":9,"53":4,"54":4,"55":4,"56":2,"57":2,"58":2,"59":2,"60":1,"61":1,"62":0,"63":0,"64":9,"65":7,"66":7,"67":7,"68":7,"69":1,"70":6,"71":6,"72":4,"73":0,"74":4,"75":6,"76":2,"77":0,"78":2,"79":6,"80":2,"81":0,"82":2,"83":6,"84":6,"85":6,"86":2,"87":4,"88":0,"89":0,"90":9,"91":3,"92":3,"93":3,"94":1,"95":2,"96":2,"97":2,"98":1,"99":1,"100":0,"101":0},"f":{"0":12,"1":5,"2":5,"3":6,"4":4,"5":7,"6":3},"b":{"0":[4,8],"1":[12,10,9],"2":[1,7],"3":[2,5],"4":[2,3],"5":[4,1],"6":[2,2],"7":[2,3],"8":[1],"9":[3,3],"10":[6,5],"11":[2,2],"12":[1,1],"13":[1,6],"14":[4,2],"15":[0,4],"16":[4,4],"17":[2,4],"18":[0,2],"19":[2,2],"20":[2,4],"21":[0,2],"22":[2,4],"23":[1,2],"24":[1,1]},"inputSourceMap":null,"_coverageSchema":"1a1c01bbd47fc00a2c39e90264f33305004495a9","hash":"a73eced7d265d51eed5791fdf088470d6e2d35fe"}
,"C:\\Users\\radit\\Documents\\Hacktiv8\\Phase-3\\Week3\\CareConnect\\server\\controllers\\userController.js": {"path":"C:\\Users\\radit\\Documents\\Hacktiv8\\Phase-3\\Week3\\CareConnect\\server\\controllers\\userController.js","statementMap":{"0":{"start":{"line":5,"column":28},"end":{"line":55,"column":1}},"1":{"start":{"line":6,"column":2},"end":{"line":54,"column":3}},"2":{"start":{"line":7,"column":44},"end":{"line":7,"column":52}},"3":{"start":{"line":10,"column":4},"end":{"line":12,"column":5}},"4":{"start":{"line":11,"column":6},"end":{"line":11,"column":89}},"5":{"start":{"line":15,"column":23},"end":{"line":15,"column":51}},"6":{"start":{"line":16,"column":4},"end":{"line":18,"column":5}},"7":{"start":{"line":17,"column":6},"end":{"line":17,"column":71}},"8":{"start":{"line":21,"column":4},"end":{"line":23,"column":5}},"9":{"start":{"line":22,"column":6},"end":{"line":22,"column":94}},"10":{"start":{"line":25,"column":23},"end":{"line":25,"column":48}},"11":{"start":{"line":28,"column":21},"end":{"line":28,"column":56}},"12":{"start":{"line":29,"column":4},"end":{"line":31,"column":5}},"13":{"start":{"line":30,"column":6},"end":{"line":30,"column":71}},"14":{"start":{"line":34,"column":19},"end":{"line":34,"column":50}},"15":{"start":{"line":36,"column":17},"end":{"line":44,"column":5}},"16":{"start":{"line":46,"column":19},"end":{"line":46,"column":51}},"17":{"start":{"line":48,"column":4},"end":{"line":51,"column":7}},"18":{"start":{"line":53,"column":4},"end":{"line":53,"column":14}},"19":{"start":{"line":57,"column":25},"end":{"line":104,"column":1}},"20":{"start":{"line":58,"column":2},"end":{"line":103,"column":3}},"21":{"start":{"line":59,"column":32},"end":{"line":59,"column":40}},"22":{"start":{"line":62,"column":4},"end":{"line":64,"column":5}},"23":{"start":{"line":63,"column":6},"end":{"line":63,"column":82}},"24":{"start":{"line":66,"column":23},"end":{"line":66,"column":48}},"25":{"start":{"line":67,"column":17},"end":{"line":67,"column":52}},"26":{"start":{"line":69,"column":4},"end":{"line":71,"column":5}},"27":{"start":{"line":70,"column":6},"end":{"line":70,"column":65}},"28":{"start":{"line":74,"column":18},"end":{"line":74,"column":63}},"29":{"start":{"line":75,"column":4},"end":{"line":77,"column":5}},"30":{"start":{"line":76,"column":6},"end":{"line":76,"column":67}},"31":{"start":{"line":80,"column":18},"end":{"line":88,"column":5}},"32":{"start":{"line":90,"column":4},"end":{"line":100,"column":7}},"33":{"start":{"line":102,"column":4},"end":{"line":102,"column":14}},"34":{"start":{"line":107,"column":30},"end":{"line":129,"column":1}},"35":{"start":{"line":108,"column":2},"end":{"line":128,"column":3}},"36":{"start":{"line":109,"column":19},"end":{"line":109,"column":30}},"37":{"start":{"line":110,"column":23},"end":{"line":110,"column":48}},"38":{"start":{"line":112,"column":25},"end":{"line":112,"column":48}},"39":{"start":{"line":113,"column":17},"end":{"line":113,"column":72}},"40":{"start":{"line":115,"column":4},"end":{"line":117,"column":5}},"41":{"start":{"line":116,"column":6},"end":{"line":116,"column":65}},"42":{"start":{"line":120,"column":49},"end":{"line":120,"column":53}},"43":{"start":{"line":122,"column":4},"end":{"line":125,"column":7}},"44":{"start":{"line":127,"column":4},"end":{"line":127,"column":14}},"45":{"start":{"line":132,"column":33},"end":{"line":221,"column":1}},"46":{"start":{"line":133,"column":2},"end":{"line":220,"column":3}},"47":{"start":{"line":134,"column":19},"end":{"line":134,"column":30}},"48":{"start":{"line":135,"column":58},"end":{"line":135,"column":66}},"49":{"start":{"line":137,"column":23},"end":{"line":137,"column":48}},"50":{"start":{"line":138,"column":25},"end":{"line":138,"column":48}},"51":{"start":{"line":140,"column":17},"end":{"line":140,"column":72}},"52":{"start":{"line":142,"column":4},"end":{"line":144,"column":5}},"53":{"start":{"line":143,"column":6},"end":{"line":143,"column":65}},"54":{"start":{"line":146,"column":23},"end":{"line":148,"column":5}},"55":{"start":{"line":151,"column":4},"end":{"line":156,"column":5}},"56":{"start":{"line":152,"column":6},"end":{"line":154,"column":7}},"57":{"start":{"line":153,"column":8},"end":{"line":153,"column":65}},"58":{"start":{"line":155,"column":6},"end":{"line":155,"column":36}},"59":{"start":{"line":159,"column":4},"end":{"line":177,"column":5}},"60":{"start":{"line":161,"column":25},"end":{"line":161,"column":53}},"61":{"start":{"line":162,"column":6},"end":{"line":164,"column":7}},"62":{"start":{"line":163,"column":8},"end":{"line":163,"column":73}},"63":{"start":{"line":167,"column":27},"end":{"line":170,"column":8}},"64":{"start":{"line":172,"column":6},"end":{"line":174,"column":7}},"65":{"start":{"line":173,"column":8},"end":{"line":173,"column":73}},"66":{"start":{"line":176,"column":6},"end":{"line":176,"column":31}},"67":{"start":{"line":180,"column":4},"end":{"line":198,"column":5}},"68":{"start":{"line":181,"column":6},"end":{"line":183,"column":7}},"69":{"start":{"line":182,"column":8},"end":{"line":182,"column":100}},"70":{"start":{"line":186,"column":20},"end":{"line":186,"column":72}},"71":{"start":{"line":187,"column":6},"end":{"line":189,"column":7}},"72":{"start":{"line":188,"column":8},"end":{"line":188,"column":82}},"73":{"start":{"line":192,"column":6},"end":{"line":194,"column":7}},"74":{"start":{"line":193,"column":8},"end":{"line":193,"column":100}},"75":{"start":{"line":197,"column":6},"end":{"line":197,"column":63}},"76":{"start":{"line":201,"column":19},"end":{"line":204,"column":5}},"77":{"start":{"line":206,"column":4},"end":{"line":208,"column":5}},"78":{"start":{"line":207,"column":6},"end":{"line":207,"column":65}},"79":{"start":{"line":211,"column":24},"end":{"line":211,"column":79}},"80":{"start":{"line":212,"column":49},"end":{"line":212,"column":60}},"81":{"start":{"line":214,"column":4},"end":{"line":217,"column":7}},"82":{"start":{"line":219,"column":4},"end":{"line":219,"column":14}},"83":{"start":{"line":224,"column":27},"end":{"line":257,"column":1}},"84":{"start":{"line":225,"column":2},"end":{"line":256,"column":3}},"85":{"start":{"line":226,"column":19},"end":{"line":226,"column":29}},"86":{"start":{"line":227,"column":23},"end":{"line":227,"column":48}},"87":{"start":{"line":229,"column":25},"end":{"line":229,"column":48}},"88":{"start":{"line":232,"column":4},"end":{"line":234,"column":5}},"89":{"start":{"line":233,"column":6},"end":{"line":233,"column":73}},"90":{"start":{"line":236,"column":17},"end":{"line":236,"column":68}},"91":{"start":{"line":238,"column":4},"end":{"line":240,"column":5}},"92":{"start":{"line":239,"column":6},"end":{"line":239,"column":65}},"93":{"start":{"line":243,"column":4},"end":{"line":245,"column":5}},"94":{"start":{"line":244,"column":6},"end":{"line":244,"column":64}},"95":{"start":{"line":248,"column":49},"end":{"line":248,"column":53}},"96":{"start":{"line":250,"column":4},"end":{"line":253,"column":7}},"97":{"start":{"line":255,"column":4},"end":{"line":255,"column":14}}},"fnMap":{"0":{"name":"(anonymous_0)","decl":{"start":{"line":5,"column":28},"end":{"line":5,"column":29}},"loc":{"start":{"line":5,"column":54},"end":{"line":55,"column":1}},"line":5},"1":{"name":"(anonymous_1)","decl":{"start":{"line":57,"column":25},"end":{"line":57,"column":26}},"loc":{"start":{"line":57,"column":51},"end":{"line":104,"column":1}},"line":57},"2":{"name":"(anonymous_2)","decl":{"start":{"line":107,"column":30},"end":{"line":107,"column":31}},"loc":{"start":{"line":107,"column":56},"end":{"line":129,"column":1}},"line":107},"3":{"name":"(anonymous_3)","decl":{"start":{"line":132,"column":33},"end":{"line":132,"column":34}},"loc":{"start":{"line":132,"column":59},"end":{"line":221,"column":1}},"line":132},"4":{"name":"(anonymous_4)","decl":{"start":{"line":224,"column":27},"end":{"line":224,"column":28}},"loc":{"start":{"line":224,"column":53},"end":{"line":257,"column":1}},"line":224}},"branchMap":{"0":{"loc":{"start":{"line":10,"column":4},"end":{"line":12,"column":5}},"type":"if","locations":[{"start":{"line":10,"column":4},"end":{"line":12,"column":5}},{"start":{},"end":{}}],"line":10},"1":{"loc":{"start":{"line":10,"column":8},"end":{"line":10,"column":36}},"type":"binary-expr","locations":[{"start":{"line":10,"column":8},"end":{"line":10,"column":13}},{"start":{"line":10,"column":17},"end":{"line":10,"column":23}},{"start":{"line":10,"column":27},"end":{"line":10,"column":36}}],"line":10},"2":{"loc":{"start":{"line":16,"column":4},"end":{"line":18,"column":5}},"type":"if","locations":[{"start":{"line":16,"column":4},"end":{"line":18,"column":5}},{"start":{},"end":{}}],"line":16},"3":{"loc":{"start":{"line":21,"column":4},"end":{"line":23,"column":5}},"type":"if","locations":[{"start":{"line":21,"column":4},"end":{"line":23,"column":5}},{"start":{},"end":{}}],"line":21},"4":{"loc":{"start":{"line":29,"column":4},"end":{"line":31,"column":5}},"type":"if","locations":[{"start":{"line":29,"column":4},"end":{"line":31,"column":5}},{"start":{},"end":{}}],"line":29},"5":{"loc":{"start":{"line":40,"column":12},"end":{"line":40,"column":26}},"type":"binary-expr","locations":[{"start":{"line":40,"column":12},"end":{"line":40,"column":16}},{"start":{"line":40,"column":20},"end":{"line":40,"column":26}}],"line":40},"6":{"loc":{"start":{"line":62,"column":4},"end":{"line":64,"column":5}},"type":"if","locations":[{"start":{"line":62,"column":4},"end":{"line":64,"column":5}},{"start":{},"end":{}}],"line":62},"7":{"loc":{"start":{"line":62,"column":8},"end":{"line":62,"column":27}},"type":"binary-expr","locations":[{"start":{"line":62,"column":8},"end":{"line":62,"column":14}},{"start":{"line":62,"column":18},"end":{"line":62,"column":27}}],"line":62},"8":{"loc":{"start":{"line":69,"column":4},"end":{"line":71,"column":5}},"type":"if","locations":[{"start":{"line":69,"column":4},"end":{"line":71,"column":5}},{"start":{},"end":{}}],"line":69},"9":{"loc":{"start":{"line":75,"column":4},"end":{"line":77,"column":5}},"type":"if","locations":[{"start":{"line":75,"column":4},"end":{"line":77,"column":5}},{"start":{},"end":{}}],"line":75},"10":{"loc":{"start":{"line":115,"column":4},"end":{"line":117,"column":5}},"type":"if","locations":[{"start":{"line":115,"column":4},"end":{"line":117,"column":5}},{"start":{},"end":{}}],"line":115},"11":{"loc":{"start":{"line":142,"column":4},"end":{"line":144,"column":5}},"type":"if","locations":[{"start":{"line":142,"column":4},"end":{"line":144,"column":5}},{"start":{},"end":{}}],"line":142},"12":{"loc":{"start":{"line":151,"column":4},"end":{"line":156,"column":5}},"type":"if","locations":[{"start":{"line":151,"column":4},"end":{"line":156,"column":5}},{"start":{},"end":{}}],"line":151},"13":{"loc":{"start":{"line":152,"column":6},"end":{"line":154,"column":7}},"type":"if","locations":[{"start":{"line":152,"column":6},"end":{"line":154,"column":7}},{"start":{},"end":{}}],"line":152},"14":{"loc":{"start":{"line":152,"column":10},"end":{"line":152,"column":62}},"type":"binary-expr","locations":[{"start":{"line":152,"column":10},"end":{"line":152,"column":34}},{"start":{"line":152,"column":38},"end":{"line":152,"column":62}}],"line":152},"15":{"loc":{"start":{"line":159,"column":4},"end":{"line":177,"column":5}},"type":"if","locations":[{"start":{"line":159,"column":4},"end":{"line":177,"column":5}},{"start":{},"end":{}}],"line":159},"16":{"loc":{"start":{"line":162,"column":6},"end":{"line":164,"column":7}},"type":"if","locations":[{"start":{"line":162,"column":6},"end":{"line":164,"column":7}},{"start":{},"end":{}}],"line":162},"17":{"loc":{"start":{"line":172,"column":6},"end":{"line":174,"column":7}},"type":"if","locations":[{"start":{"line":172,"column":6},"end":{"line":174,"column":7}},{"start":{},"end":{}}],"line":172},"18":{"loc":{"start":{"line":180,"column":4},"end":{"line":198,"column":5}},"type":"if","locations":[{"start":{"line":180,"column":4},"end":{"line":198,"column":5}},{"start":{},"end":{}}],"line":180},"19":{"loc":{"start":{"line":181,"column":6},"end":{"line":183,"column":7}},"type":"if","locations":[{"start":{"line":181,"column":6},"end":{"line":183,"column":7}},{"start":{},"end":{}}],"line":181},"20":{"loc":{"start":{"line":187,"column":6},"end":{"line":189,"column":7}},"type":"if","locations":[{"start":{"line":187,"column":6},"end":{"line":189,"column":7}},{"start":{},"end":{}}],"line":187},"21":{"loc":{"start":{"line":192,"column":6},"end":{"line":194,"column":7}},"type":"if","locations":[{"start":{"line":192,"column":6},"end":{"line":194,"column":7}},{"start":{},"end":{}}],"line":192},"22":{"loc":{"start":{"line":206,"column":4},"end":{"line":208,"column":5}},"type":"if","locations":[{"start":{"line":206,"column":4},"end":{"line":208,"column":5}},{"start":{},"end":{}}],"line":206},"23":{"loc":{"start":{"line":232,"column":4},"end":{"line":234,"column":5}},"type":"if","locations":[{"start":{"line":232,"column":4},"end":{"line":234,"column":5}},{"start":{},"end":{}}],"line":232},"24":{"loc":{"start":{"line":238,"column":4},"end":{"line":240,"column":5}},"type":"if","locations":[{"start":{"line":238,"column":4},"end":{"line":240,"column":5}},{"start":{},"end":{}}],"line":238},"25":{"loc":{"start":{"line":243,"column":4},"end":{"line":245,"column":5}},"type":"if","locations":[{"start":{"line":243,"column":4},"end":{"line":245,"column":5}},{"start":{},"end":{}}],"line":243},"26":{"loc":{"start":{"line":243,"column":8},"end":{"line":243,"column":55}},"type":"binary-expr","locations":[{"start":{"line":243,"column":8},"end":{"line":243,"column":26}},{"start":{"line":243,"column":30},"end":{"line":243,"column":55}}],"line":243}},"s":{"0":9,"1":295,"2":295,"3":295,"4":6,"5":289,"6":289,"7":1,"8":288,"9":1,"10":287,"11":287,"12":287,"13":8,"14":279,"15":279,"16":279,"17":279,"18":0,"19":9,"20":272,"21":272,"22":272,"23":2,"24":270,"25":270,"26":270,"27":3,"28":267,"29":267,"30":3,"31":264,"32":264,"33":0,"34":9,"35":1,"36":1,"37":1,"38":1,"39":1,"40":1,"41":0,"42":1,"43":1,"44":0,"45":9,"46":6,"47":6,"48":6,"49":6,"50":6,"51":6,"52":6,"53":0,"54":6,"55":6,"56":2,"57":0,"58":2,"59":6,"60":1,"61":1,"62":0,"63":1,"64":1,"65":0,"66":1,"67":6,"68":3,"69":1,"70":2,"71":2,"72":1,"73":1,"74":1,"75":0,"76":3,"77":3,"78":0,"79":3,"80":3,"81":3,"82":0,"83":9,"84":4,"85":4,"86":4,"87":4,"88":4,"89":1,"90":3,"91":3,"92":1,"93":2,"94":1,"95":1,"96":1,"97":0},"f":{"0":295,"1":272,"2":1,"3":6,"4":4},"b":{"0":[6,289],"1":[295,293,291],"2":[1,288],"3":[1,287],"4":[8,279],"5":[279,54],"6":[2,270],"7":[272,271],"8":[3,267],"9":[3,264],"10":[0,1],"11":[0,6],"12":[2,4],"13":[0,2],"14":[2,2],"15":[1,5],"16":[0,1],"17":[0,1],"18":[3,3],"19":[1,2],"20":[1,1],"21":[1,0],"22":[0,3],"23":[1,3],"24":[1,2],"25":[1,1],"26":[2,1]},"inputSourceMap":null,"_coverageSchema":"1a1c01bbd47fc00a2c39e90264f33305004495a9","hash":"4bb1bd36491549fb01e67bc539917b118061d4fd"}
,"C:\\Users\\radit\\Documents\\Hacktiv8\\Phase-3\\Week3\\CareConnect\\server\\middlewares\\authentication.js": {"path":"C:\\Users\\radit\\Documents\\Hacktiv8\\Phase-3\\Week3\\CareConnect\\server\\middlewares\\authentication.js","statementMap":{"0":{"start":{"line":4,"column":28},"end":{"line":39,"column":1}},"1":{"start":{"line":5,"column":2},"end":{"line":38,"column":3}},"2":{"start":{"line":6,"column":23},"end":{"line":6,"column":48}},"3":{"start":{"line":8,"column":4},"end":{"line":10,"column":5}},"4":{"start":{"line":9,"column":6},"end":{"line":9,"column":68}},"5":{"start":{"line":13,"column":18},"end":{"line":13,"column":42}},"6":{"start":{"line":15,"column":4},"end":{"line":17,"column":5}},"7":{"start":{"line":16,"column":6},"end":{"line":16,"column":71}},"8":{"start":{"line":20,"column":20},"end":{"line":20,"column":61}},"9":{"start":{"line":23,"column":4},"end":{"line":27,"column":6}},"10":{"start":{"line":29,"column":4},"end":{"line":29,"column":11}},"11":{"start":{"line":31,"column":4},"end":{"line":33,"column":5}},"12":{"start":{"line":32,"column":6},"end":{"line":32,"column":64}},"13":{"start":{"line":34,"column":4},"end":{"line":36,"column":5}},"14":{"start":{"line":35,"column":6},"end":{"line":35,"column":64}},"15":{"start":{"line":37,"column":4},"end":{"line":37,"column":70}},"16":{"start":{"line":42,"column":23},"end":{"line":47,"column":1}},"17":{"start":{"line":43,"column":2},"end":{"line":45,"column":3}},"18":{"start":{"line":44,"column":4},"end":{"line":44,"column":75}},"19":{"start":{"line":46,"column":2},"end":{"line":46,"column":9}},"20":{"start":{"line":50,"column":28},"end":{"line":58,"column":1}},"21":{"start":{"line":51,"column":17},"end":{"line":51,"column":51}},"22":{"start":{"line":53,"column":2},"end":{"line":55,"column":3}},"23":{"start":{"line":54,"column":4},"end":{"line":54,"column":18}},"24":{"start":{"line":57,"column":2},"end":{"line":57,"column":77}}},"fnMap":{"0":{"name":"(anonymous_0)","decl":{"start":{"line":4,"column":28},"end":{"line":4,"column":29}},"loc":{"start":{"line":4,"column":48},"end":{"line":39,"column":1}},"line":4},"1":{"name":"(anonymous_1)","decl":{"start":{"line":42,"column":23},"end":{"line":42,"column":24}},"loc":{"start":{"line":42,"column":43},"end":{"line":47,"column":1}},"line":42},"2":{"name":"(anonymous_2)","decl":{"start":{"line":50,"column":28},"end":{"line":50,"column":29}},"loc":{"start":{"line":50,"column":48},"end":{"line":58,"column":1}},"line":50}},"branchMap":{"0":{"loc":{"start":{"line":8,"column":4},"end":{"line":10,"column":5}},"type":"if","locations":[{"start":{"line":8,"column":4},"end":{"line":10,"column":5}},{"start":{},"end":{}}],"line":8},"1":{"loc":{"start":{"line":15,"column":4},"end":{"line":17,"column":5}},"type":"if","locations":[{"start":{"line":15,"column":4},"end":{"line":17,"column":5}},{"start":{},"end":{}}],"line":15},"2":{"loc":{"start":{"line":31,"column":4},"end":{"line":33,"column":5}},"type":"if","locations":[{"start":{"line":31,"column":4},"end":{"line":33,"column":5}},{"start":{},"end":{}}],"line":31},"3":{"loc":{"start":{"line":34,"column":4},"end":{"line":36,"column":5}},"type":"if","locations":[{"start":{"line":34,"column":4},"end":{"line":36,"column":5}},{"start":{},"end":{}}],"line":34},"4":{"loc":{"start":{"line":43,"column":2},"end":{"line":45,"column":3}},"type":"if","locations":[{"start":{"line":43,"column":2},"end":{"line":45,"column":3}},{"start":{},"end":{}}],"line":43},"5":{"loc":{"start":{"line":51,"column":17},"end":{"line":51,"column":51}},"type":"binary-expr","locations":[{"start":{"line":51,"column":17},"end":{"line":51,"column":30}},{"start":{"line":51,"column":34},"end":{"line":51,"column":51}}],"line":51},"6":{"loc":{"start":{"line":53,"column":2},"end":{"line":55,"column":3}},"type":"if","locations":[{"start":{"line":53,"column":2},"end":{"line":55,"column":3}},{"start":{},"end":{}}],"line":53},"7":{"loc":{"start":{"line":53,"column":6},"end":{"line":53,"column":57}},"type":"binary-expr","locations":[{"start":{"line":53,"column":6},"end":{"line":53,"column":31}},{"start":{"line":53,"column":35},"end":{"line":53,"column":57}}],"line":53}},"s":{"0":10,"1":20,"2":20,"3":20,"4":4,"5":16,"6":16,"7":1,"8":15,"9":12,"10":12,"11":3,"12":2,"13":1,"14":1,"15":0,"16":10,"17":2,"18":1,"19":1,"20":10,"21":3,"22":3,"23":2,"24":1},"f":{"0":20,"1":2,"2":3},"b":{"0":[4,16],"1":[1,15],"2":[2,1],"3":[1,0],"4":[1,1],"5":[3,0],"6":[2,1],"7":[3,2]},"inputSourceMap":null,"_coverageSchema":"1a1c01bbd47fc00a2c39e90264f33305004495a9","hash":"91eb71fcbd9923b2890d95b7ed20b8af7cd940ec"}
,"C:\\Users\\radit\\Documents\\Hacktiv8\\Phase-3\\Week3\\CareConnect\\server\\middlewares\\errorhandler.js": {"path":"C:\\Users\\radit\\Documents\\Hacktiv8\\Phase-3\\Week3\\CareConnect\\server\\middlewares\\errorhandler.js","statementMap":{"0":{"start":{"line":4,"column":24},"end":{"line":12,"column":1}},"1":{"start":{"line":5,"column":2},"end":{"line":11,"column":4}},"2":{"start":{"line":6,"column":19},"end":{"line":6,"column":64}},"3":{"start":{"line":7,"column":4},"end":{"line":9,"column":5}},"4":{"start":{"line":8,"column":6},"end":{"line":8,"column":46}},"5":{"start":{"line":10,"column":4},"end":{"line":10,"column":11}},"6":{"start":{"line":16,"column":17},"end":{"line":16,"column":19}},"7":{"start":{"line":17,"column":2},"end":{"line":17,"column":49}},"8":{"start":{"line":17,"column":13},"end":{"line":17,"column":49}},"9":{"start":{"line":18,"column":2},"end":{"line":19,"column":58}},"10":{"start":{"line":19,"column":4},"end":{"line":19,"column":58}},"11":{"start":{"line":20,"column":2},"end":{"line":21,"column":64}},"12":{"start":{"line":21,"column":4},"end":{"line":21,"column":64}},"13":{"start":{"line":22,"column":2},"end":{"line":23,"column":45}},"14":{"start":{"line":23,"column":4},"end":{"line":23,"column":45}},"15":{"start":{"line":24,"column":2},"end":{"line":25,"column":45}},"16":{"start":{"line":25,"column":4},"end":{"line":25,"column":45}},"17":{"start":{"line":26,"column":2},"end":{"line":27,"column":48}},"18":{"start":{"line":27,"column":4},"end":{"line":27,"column":48}},"19":{"start":{"line":28,"column":2},"end":{"line":28,"column":16}},"20":{"start":{"line":33,"column":17},"end":{"line":33,"column":19}},"21":{"start":{"line":34,"column":2},"end":{"line":34,"column":49}},"22":{"start":{"line":34,"column":13},"end":{"line":34,"column":49}},"23":{"start":{"line":35,"column":2},"end":{"line":36,"column":59}},"24":{"start":{"line":36,"column":4},"end":{"line":36,"column":59}},"25":{"start":{"line":37,"column":2},"end":{"line":38,"column":57}},"26":{"start":{"line":38,"column":4},"end":{"line":38,"column":57}},"27":{"start":{"line":39,"column":2},"end":{"line":39,"column":16}},"28":{"start":{"line":45,"column":28},"end":{"line":53,"column":1}},"29":{"start":{"line":46,"column":2},"end":{"line":46,"column":31}},"30":{"start":{"line":47,"column":17},"end":{"line":47,"column":34}},"31":{"start":{"line":48,"column":18},"end":{"line":48,"column":56}},"32":{"start":{"line":52,"column":2},"end":{"line":52,"column":51}}},"fnMap":{"0":{"name":"(anonymous_0)","decl":{"start":{"line":4,"column":24},"end":{"line":4,"column":25}},"loc":{"start":{"line":4,"column":42},"end":{"line":12,"column":1}},"line":4},"1":{"name":"(anonymous_1)","decl":{"start":{"line":5,"column":9},"end":{"line":5,"column":10}},"loc":{"start":{"line":5,"column":29},"end":{"line":11,"column":3}},"line":5},"2":{"name":"validateActivityPayload","decl":{"start":{"line":15,"column":16},"end":{"line":15,"column":39}},"loc":{"start":{"line":15,"column":46},"end":{"line":29,"column":1}},"line":15},"3":{"name":"validateVolunteerPayload","decl":{"start":{"line":32,"column":16},"end":{"line":32,"column":40}},"loc":{"start":{"line":32,"column":47},"end":{"line":40,"column":1}},"line":32},"4":{"name":"(anonymous_4)","decl":{"start":{"line":45,"column":28},"end":{"line":45,"column":29}},"loc":{"start":{"line":45,"column":53},"end":{"line":53,"column":1}},"line":45}},"branchMap":{"0":{"loc":{"start":{"line":7,"column":4},"end":{"line":9,"column":5}},"type":"if","locations":[{"start":{"line":7,"column":4},"end":{"line":9,"column":5}},{"start":{},"end":{}}],"line":7},"1":{"loc":{"start":{"line":17,"column":2},"end":{"line":17,"column":49}},"type":"if","locations":[{"start":{"line":17,"column":2},"end":{"line":17,"column":49}},{"start":{},"end":{}}],"line":17},"2":{"loc":{"start":{"line":18,"column":2},"end":{"line":19,"column":58}},"type":"if","locations":[{"start":{"line":18,"column":2},"end":{"line":19,"column":58}},{"start":{},"end":{}}],"line":18},"3":{"loc":{"start":{"line":18,"column":6},"end":{"line":18,"column":51}},"type":"binary-expr","locations":[{"start":{"line":18,"column":6},"end":{"line":18,"column":17}},{"start":{"line":18,"column":21},"end":{"line":18,"column":51}}],"line":18},"4":{"loc":{"start":{"line":20,"column":2},"end":{"line":21,"column":64}},"type":"if","locations":[{"start":{"line":20,"column":2},"end":{"line":21,"column":64}},{"start":{},"end":{}}],"line":20},"5":{"loc":{"start":{"line":20,"column":6},"end":{"line":20,"column":63}},"type":"binary-expr","locations":[{"start":{"line":20,"column":6},"end":{"line":20,"column":23}},{"start":{"line":20,"column":27},"end":{"line":20,"column":63}}],"line":20},"6":{"loc":{"start":{"line":22,"column":2},"end":{"line":23,"column":45}},"type":"if","locations":[{"start":{"line":22,"column":2},"end":{"line":23,"column":45}},{"start":{},"end":{}}],"line":22},"7":{"loc":{"start":{"line":22,"column":6},"end":{"line":22,"column":56}},"type":"binary-expr","locations":[{"start":{"line":22,"column":6},"end":{"line":22,"column":19}},{"start":{"line":22,"column":23},"end":{"line":22,"column":56}}],"line":22},"8":{"loc":{"start":{"line":24,"column":2},"end":{"line":25,"column":45}},"type":"if","locations":[{"start":{"line":24,"column":2},"end":{"line":25,"column":45}},{"start":{},"end":{}}],"line":24},"9":{"loc":{"start":{"line":24,"column":6},"end":{"line":24,"column":56}},"type":"binary-expr","locations":[{"start":{"line":24,"column":6},"end":{"line":24,"column":19}},{"start":{"line":24,"column":23},"end":{"line":24,"column":56}}],"line":24},"10":{"loc":{"start":{"line":26,"column":2},"end":{"line":27,"column":48}},"type":"if","locations":[{"start":{"line":26,"column":2},"end":{"line":27,"column":48}},{"start":{},"end":{}}],"line":26},"11":{"loc":{"start":{"line":26,"column":6},"end":{"line":26,"column":62}},"type":"binary-expr","locations":[{"start":{"line":26,"column":6},"end":{"line":26,"column":22}},{"start":{"line":26,"column":26},"end":{"line":26,"column":62}}],"line":26},"12":{"loc":{"start":{"line":34,"column":2},"end":{"line":34,"column":49}},"type":"if","locations":[{"start":{"line":34,"column":2},"end":{"line":34,"column":49}},{"start":{},"end":{}}],"line":34},"13":{"loc":{"start":{"line":35,"column":2},"end":{"line":36,"column":59}},"type":"if","locations":[{"start":{"line":35,"column":2},"end":{"line":36,"column":59}},{"start":{},"end":{}}],"line":35},"14":{"loc":{"start":{"line":35,"column":6},"end":{"line":35,"column":53}},"type":"binary-expr","locations":[{"start":{"line":35,"column":6},"end":{"line":35,"column":18}},{"start":{"line":35,"column":22},"end":{"line":35,"column":53}}],"line":35},"15":{"loc":{"start":{"line":37,"column":2},"end":{"line":38,"column":57}},"type":"if","locations":[{"start":{"line":37,"column":2},"end":{"line":38,"column":57}},{"start":{},"end":{}}],"line":37},"16":{"loc":{"start":{"line":37,"column":6},"end":{"line":37,"column":49}},"type":"binary-expr","locations":[{"start":{"line":37,"column":6},"end":{"line":37,"column":16}},{"start":{"line":37,"column":20},"end":{"line":37,"column":49}}],"line":37},"17":{"loc":{"start":{"line":47,"column":17},"end":{"line":47,"column":34}},"type":"binary-expr","locations":[{"start":{"line":47,"column":17},"end":{"line":47,"column":27}},{"start":{"line":47,"column":31},"end":{"line":47,"column":34}}],"line":47},"18":{"loc":{"start":{"line":48,"column":18},"end":{"line":48,"column":56}},"type":"binary-expr","locations":[{"start":{"line":48,"column":18},"end":{"line":48,"column":29}},{"start":{"line":48,"column":33},"end":{"line":48,"column":56}}],"line":48}},"s":{"0":9,"1":20,"2":15,"3":15,"4":2,"5":13,"6":18,"7":18,"8":2,"9":16,"10":2,"11":16,"12":3,"13":16,"14":1,"15":16,"16":1,"17":16,"18":1,"19":16,"20":14,"21":14,"22":2,"23":12,"24":3,"25":12,"26":3,"27":12,"28":9,"29":1,"30":1,"31":1,"32":1},"f":{"0":20,"1":15,"2":18,"3":14,"4":1},"b":{"0":[2,13],"1":[2,16],"2":[2,14],"3":[16,15],"4":[3,13],"5":[16,14],"6":[1,15],"7":[16,7],"8":[1,15],"9":[16,7],"10":[1,15],"11":[16,5],"12":[2,12],"13":[3,9],"14":[12,11],"15":[3,9],"16":[12,11],"17":[1,0],"18":[1,0]},"inputSourceMap":null,"_coverageSchema":"1a1c01bbd47fc00a2c39e90264f33305004495a9","hash":"9d266d56486c5de4323cdd41622fccc00cf5a03d"}
,"C:\\Users\\radit\\Documents\\Hacktiv8\\Phase-3\\Week3\\CareConnect\\server\\models\\activityModel.js": {"path":"C:\\Users\\radit\\Documents\\Hacktiv8\\Phase-3\\Week3\\CareConnect\\server\\models\\activityModel.js","statementMap":{"0":{"start":{"line":4,"column":13},"end":{"line":4,"column":30}},"1":{"start":{"line":5,"column":2},"end":{"line":5,"column":37}}},"fnMap":{"0":{"name":"getActivityCollection","decl":{"start":{"line":3,"column":22},"end":{"line":3,"column":43}},"loc":{"start":{"line":3,"column":46},"end":{"line":6,"column":1}},"line":3}},"branchMap":{},"s":{"0":46,"1":46},"f":{"0":46},"b":{},"inputSourceMap":null,"_coverageSchema":"1a1c01bbd47fc00a2c39e90264f33305004495a9","hash":"a0726a5e25056a3f7588de4ae7cb2bf1161b7943"}
,"C:\\Users\\radit\\Documents\\Hacktiv8\\Phase-3\\Week3\\CareConnect\\server\\models\\donationModel.js": {"path":"C:\\Users\\radit\\Documents\\Hacktiv8\\Phase-3\\Week3\\CareConnect\\server\\models\\donationModel.js","statementMap":{"0":{"start":{"line":3,"column":37},"end":{"line":6,"column":1}},"1":{"start":{"line":4,"column":13},"end":{"line":4,"column":30}},"2":{"start":{"line":5,"column":2},"end":{"line":5,"column":36}}},"fnMap":{"0":{"name":"(anonymous_0)","decl":{"start":{"line":3,"column":37},"end":{"line":3,"column":38}},"loc":{"start":{"line":3,"column":49},"end":{"line":6,"column":1}},"line":3}},"branchMap":{},"s":{"0":9,"1":19,"2":19},"f":{"0":19},"b":{},"inputSourceMap":null,"_coverageSchema":"1a1c01bbd47fc00a2c39e90264f33305004495a9","hash":"d21d8a4ffb50338fcc5d8eda6b8a6cb219e03768"}
,"C:\\Users\\radit\\Documents\\Hacktiv8\\Phase-3\\Week3\\CareConnect\\server\\models\\expenseModel.js": {"path":"C:\\Users\\radit\\Documents\\Hacktiv8\\Phase-3\\Week3\\CareConnect\\server\\models\\expenseModel.js","statementMap":{"0":{"start":{"line":4,"column":13},"end":{"line":4,"column":30}},"1":{"start":{"line":5,"column":2},"end":{"line":5,"column":35}}},"fnMap":{"0":{"name":"getExpenseCollection","decl":{"start":{"line":3,"column":22},"end":{"line":3,"column":42}},"loc":{"start":{"line":3,"column":45},"end":{"line":6,"column":1}},"line":3}},"branchMap":{},"s":{"0":20,"1":20},"f":{"0":20},"b":{},"inputSourceMap":null,"_coverageSchema":"1a1c01bbd47fc00a2c39e90264f33305004495a9","hash":"aa7516526cf2a9d86d568229ece451de1186c250"}
,"C:\\Users\\radit\\Documents\\Hacktiv8\\Phase-3\\Week3\\CareConnect\\server\\models\\newsModel.js": {"path":"C:\\Users\\radit\\Documents\\Hacktiv8\\Phase-3\\Week3\\CareConnect\\server\\models\\newsModel.js","statementMap":{"0":{"start":{"line":4,"column":13},"end":{"line":4,"column":30}},"1":{"start":{"line":5,"column":2},"end":{"line":5,"column":39}}},"fnMap":{"0":{"name":"getNewsCollection","decl":{"start":{"line":3,"column":22},"end":{"line":3,"column":39}},"loc":{"start":{"line":3,"column":42},"end":{"line":6,"column":1}},"line":3}},"branchMap":{},"s":{"0":29,"1":29},"f":{"0":29},"b":{},"inputSourceMap":null,"_coverageSchema":"1a1c01bbd47fc00a2c39e90264f33305004495a9","hash":"a39ffb39d1778a29ec1aba2d6d12ce500aed12c7"}
,"C:\\Users\\radit\\Documents\\Hacktiv8\\Phase-3\\Week3\\CareConnect\\server\\models\\userModel.js": {"path":"C:\\Users\\radit\\Documents\\Hacktiv8\\Phase-3\\Week3\\CareConnect\\server\\models\\userModel.js","statementMap":{"0":{"start":{"line":4,"column":13},"end":{"line":4,"column":30}},"1":{"start":{"line":5,"column":2},"end":{"line":5,"column":32}}},"fnMap":{"0":{"name":"getUserCollection","decl":{"start":{"line":3,"column":22},"end":{"line":3,"column":39}},"loc":{"start":{"line":3,"column":42},"end":{"line":6,"column":1}},"line":3}},"branchMap":{},"s":{"0":568,"1":568},"f":{"0":568},"b":{},"inputSourceMap":null,"_coverageSchema":"1a1c01bbd47fc00a2c39e90264f33305004495a9","hash":"8abb46bcc223351e88196fb9fc0f0fe57bf52e2c"}
,"C:\\Users\\radit\\Documents\\Hacktiv8\\Phase-3\\Week3\\CareConnect\\server\\routes\\activityRoutes.js": {"path":"C:\\Users\\radit\\Documents\\Hacktiv8\\Phase-3\\Week3\\CareConnect\\server\\routes\\activityRoutes.js","statementMap":{"0":{"start":{"line":18,"column":15},"end":{"line":18,"column":31}},"1":{"start":{"line":21,"column":0},"end":{"line":21,"column":31}},"2":{"start":{"line":22,"column":0},"end":{"line":22,"column":68}},"3":{"start":{"line":25,"column":0},"end":{"line":25,"column":36}},"4":{"start":{"line":26,"column":0},"end":{"line":26,"column":35}},"5":{"start":{"line":27,"column":0},"end":{"line":27,"column":38}},"6":{"start":{"line":30,"column":0},"end":{"line":30,"column":85}},"7":{"start":{"line":31,"column":0},"end":{"line":31,"column":66}},"8":{"start":{"line":34,"column":0},"end":{"line":34,"column":42}}},"fnMap":{},"branchMap":{},"s":{"0":9,"1":9,"2":9,"3":9,"4":9,"5":9,"6":9,"7":9,"8":9},"f":{},"b":{},"inputSourceMap":null,"_coverageSchema":"1a1c01bbd47fc00a2c39e90264f33305004495a9","hash":"161580346d4da503f191163604b416300793abb7"}
,"C:\\Users\\radit\\Documents\\Hacktiv8\\Phase-3\\Week3\\CareConnect\\server\\routes\\donationRoutes.js": {"path":"C:\\Users\\radit\\Documents\\Hacktiv8\\Phase-3\\Week3\\CareConnect\\server\\routes\\donationRoutes.js","statementMap":{"0":{"start":{"line":8,"column":15},"end":{"line":8,"column":31}},"1":{"start":{"line":10,"column":0},"end":{"line":10,"column":33}},"2":{"start":{"line":11,"column":0},"end":{"line":11,"column":30}},"3":{"start":{"line":12,"column":0},"end":{"line":12,"column":36}}},"fnMap":{},"branchMap":{},"s":{"0":9,"1":9,"2":9,"3":9},"f":{},"b":{},"inputSourceMap":null,"_coverageSchema":"1a1c01bbd47fc00a2c39e90264f33305004495a9","hash":"b0f49fbd782bd828852d242eaf1d437affd4941c"}
,"C:\\Users\\radit\\Documents\\Hacktiv8\\Phase-3\\Week3\\CareConnect\\server\\routes\\expensesRoutes.js": {"path":"C:\\Users\\radit\\Documents\\Hacktiv8\\Phase-3\\Week3\\CareConnect\\server\\routes\\expensesRoutes.js","statementMap":{"0":{"start":{"line":11,"column":15},"end":{"line":11,"column":31}},"1":{"start":{"line":14,"column":0},"end":{"line":14,"column":32}},"2":{"start":{"line":15,"column":0},"end":{"line":15,"column":29}},"3":{"start":{"line":18,"column":0},"end":{"line":18,"column":35}},"4":{"start":{"line":19,"column":0},"end":{"line":19,"column":34}},"5":{"start":{"line":20,"column":0},"end":{"line":20,"column":37}},"6":{"start":{"line":23,"column":0},"end":{"line":23,"column":59}}},"fnMap":{},"branchMap":{},"s":{"0":9,"1":9,"2":9,"3":9,"4":9,"5":9,"6":9},"f":{},"b":{},"inputSourceMap":null,"_coverageSchema":"1a1c01bbd47fc00a2c39e90264f33305004495a9","hash":"aaa37ecd152389fdb4c361e6f4e3387562259895"}
,"C:\\Users\\radit\\Documents\\Hacktiv8\\Phase-3\\Week3\\CareConnect\\server\\routes\\index.js": {"path":"C:\\Users\\radit\\Documents\\Hacktiv8\\Phase-3\\Week3\\CareConnect\\server\\routes\\index.js","statementMap":{"0":{"start":{"line":3,"column":14},"end":{"line":3,"column":30}},"1":{"start":{"line":10,"column":0},"end":{"line":10,"column":41}},"2":{"start":{"line":11,"column":0},"end":{"line":11,"column":40}},"3":{"start":{"line":12,"column":0},"end":{"line":12,"column":32}},"4":{"start":{"line":13,"column":0},"end":{"line":13,"column":39}},"5":{"start":{"line":14,"column":0},"end":{"line":14,"column":31}}},"fnMap":{},"branchMap":{},"s":{"0":9,"1":9,"2":9,"3":9,"4":9,"5":9},"f":{},"b":{},"inputSourceMap":null,"_coverageSchema":"1a1c01bbd47fc00a2c39e90264f33305004495a9","hash":"a90c1e7baf1e4d1165f5de5dae46a9948b8853f2"}
,"C:\\Users\\radit\\Documents\\Hacktiv8\\Phase-3\\Week3\\CareConnect\\server\\routes\\newsRouter.js": {"path":"C:\\Users\\radit\\Documents\\Hacktiv8\\Phase-3\\Week3\\CareConnect\\server\\routes\\newsRouter.js","statementMap":{"0":{"start":{"line":12,"column":15},"end":{"line":12,"column":31}},"1":{"start":{"line":15,"column":0},"end":{"line":15,"column":29}},"2":{"start":{"line":16,"column":0},"end":{"line":16,"column":28}},"3":{"start":{"line":17,"column":0},"end":{"line":17,"column":37}},"4":{"start":{"line":20,"column":0},"end":{"line":20,"column":32}},"5":{"start":{"line":21,"column":0},"end":{"line":21,"column":31}},"6":{"start":{"line":22,"column":0},"end":{"line":22,"column":34}},"7":{"start":{"line":25,"column":0},"end":{"line":25,"column":55}}},"fnMap":{},"branchMap":{},"s":{"0":9,"1":9,"2":9,"3":9,"4":9,"5":9,"6":9,"7":9},"f":{},"b":{},"inputSourceMap":null,"_coverageSchema":"1a1c01bbd47fc00a2c39e90264f33305004495a9","hash":"105d9f33a1291a23b08b1f97ba763c3ba8f7d687"}
,"C:\\Users\\radit\\Documents\\Hacktiv8\\Phase-3\\Week3\\CareConnect\\server\\routes\\userRoutes.js": {"path":"C:\\Users\\radit\\Documents\\Hacktiv8\\Phase-3\\Week3\\CareConnect\\server\\routes\\userRoutes.js","statementMap":{"0":{"start":{"line":11,"column":15},"end":{"line":11,"column":31}},"1":{"start":{"line":15,"column":0},"end":{"line":15,"column":39}},"2":{"start":{"line":18,"column":0},"end":{"line":18,"column":33}},"3":{"start":{"line":22,"column":0},"end":{"line":22,"column":53}},"4":{"start":{"line":25,"column":0},"end":{"line":25,"column":56}},"5":{"start":{"line":28,"column":0},"end":{"line":28,"column":46}}},"fnMap":{},"branchMap":{},"s":{"0":9,"1":9,"2":9,"3":9,"4":9,"5":9},"f":{},"b":{},"inputSourceMap":null,"_coverageSchema":"1a1c01bbd47fc00a2c39e90264f33305004495a9","hash":"ca3e81e1c7a8743ab245e9267f8962d0a457a27b"}
}
