TN:
SF:controllers\activityController.js
FN:5,(anonymous_0)
FN:39,(anonymous_1)
FN:73,(anonymous_2)
FN:93,(anonymous_3)
FN:129,(anonymous_4)
FN:147,(anonymous_5)
FN:192,(anonymous_6)
FN:233,(anonymous_7)
FNF:8
FNH:8
FNDA:6,(anonymous_0)
FNDA:6,(anonymous_1)
FNDA:4,(anonymous_2)
FNDA:4,(anonymous_3)
FNDA:3,(anonymous_4)
FNDA:6,(anonymous_5)
FNDA:5,(anonymous_6)
FNDA:6,(anonymous_7)
DA:5,9
DA:6,6
DA:7,6
DA:8,6
DA:9,6
DA:11,6
DA:12,6
DA:14,6
DA:15,6
DA:17,6
DA:19,2
DA:20,2
DA:26,6
DA:28,6
DA:29,6
DA:31,6
DA:33,0
DA:34,0
DA:39,9
DA:40,6
DA:41,6
DA:42,6
DA:44,6
DA:62,6
DA:63,6
DA:65,6
DA:67,0
DA:68,0
DA:73,9
DA:74,4
DA:75,4
DA:76,4
DA:78,2
DA:79,2
DA:81,2
DA:82,1
DA:85,1
DA:87,0
DA:88,0
DA:93,9
DA:94,4
DA:95,4
DA:96,4
DA:98,3
DA:100,3
DA:101,3
DA:113,3
DA:119,3
DA:121,2
DA:123,0
DA:124,0
DA:129,9
DA:130,3
DA:131,3
DA:132,3
DA:134,3
DA:135,3
DA:137,3
DA:139,2
DA:141,0
DA:142,0
DA:147,9
DA:148,6
DA:149,6
DA:150,6
DA:152,5
DA:153,5
DA:156,5
DA:160,5
DA:162,4
DA:172,4
DA:182,4
DA:184,3
DA:186,0
DA:187,0
DA:192,9
DA:193,5
DA:194,5
DA:195,5
DA:196,2
DA:198,3
DA:201,3
DA:206,3
DA:207,2
DA:211,1
DA:223,1
DA:225,1
DA:227,0
DA:228,0
DA:233,9
DA:234,6
DA:235,6
DA:236,6
DA:238,5
DA:239,5
DA:241,2
DA:242,2
DA:251,2
DA:253,1
DA:255,0
DA:256,0
LF:101
LH:85
BRDA:14,0,0,2
BRDA:14,0,1,4
BRDA:15,1,0,1
BRDA:15,1,1,5
BRDA:17,2,0,2
BRDA:17,2,1,4
BRDA:47,3,0,5
BRDA:47,3,1,1
BRDA:48,4,0,5
BRDA:48,4,1,5
BRDA:49,5,0,5
BRDA:49,5,1,5
BRDA:50,6,0,5
BRDA:50,6,1,5
BRDA:52,7,0,1
BRDA:52,7,1,5
BRDA:53,8,0,6
BRDA:53,8,1,6
BRDA:54,9,0,6
BRDA:54,9,1,6
BRDA:55,10,0,6
BRDA:55,10,1,1
BRDA:56,11,0,6
BRDA:56,11,1,3
BRDA:57,12,0,0
BRDA:57,12,1,6
BRDA:76,13,0,2
BRDA:76,13,1,2
BRDA:81,14,0,1
BRDA:81,14,1,1
BRDA:96,15,0,1
BRDA:96,15,1,3
BRDA:98,16,0,3
BRDA:98,16,1,0
BRDA:103,17,0,3
BRDA:103,17,1,0
BRDA:105,18,0,0
BRDA:105,18,1,0
BRDA:106,19,0,0
BRDA:106,19,1,0
BRDA:107,20,0,0
BRDA:107,20,1,0
BRDA:119,21,0,1
BRDA:119,21,1,2
BRDA:132,22,0,0
BRDA:132,22,1,3
BRDA:137,23,0,1
BRDA:137,23,1,2
BRDA:150,24,0,1
BRDA:150,24,1,5
BRDA:160,25,0,1
BRDA:160,25,1,4
BRDA:166,26,0,4
BRDA:166,26,1,3
BRDA:167,27,0,4
BRDA:167,27,1,3
BRDA:182,28,0,1
BRDA:182,28,1,3
BRDA:195,29,0,2
BRDA:195,29,1,3
BRDA:195,30,0,5
BRDA:195,30,1,4
BRDA:206,31,0,2
BRDA:206,31,1,1
BRDA:216,32,0,1
BRDA:216,32,1,0
BRDA:223,33,0,0
BRDA:223,33,1,1
BRDA:236,34,0,1
BRDA:236,34,1,5
BRDA:239,35,0,3
BRDA:239,35,1,2
BRDA:239,36,0,5
BRDA:239,36,1,3
BRDA:251,37,0,1
BRDA:251,37,1,1
BRF:76
BRH:64
end_of_record
TN:
SF:controllers\donationController.js
FN:9,(anonymous_0)
FN:60,(anonymous_1)
FN:83,(anonymous_2)
FNF:3
FNH:3
FNDA:12,(anonymous_0)
FNDA:12,(anonymous_1)
FNDA:4,(anonymous_2)
DA:9,9
DA:10,12
DA:11,12
DA:13,12
DA:14,2
DA:16,10
DA:17,1
DA:19,9
DA:20,5
DA:23,4
DA:24,4
DA:27,4
DA:36,4
DA:39,4
DA:47,4
DA:52,0
DA:53,0
DA:60,9
DA:61,12
DA:62,12
DA:63,12
DA:65,12
DA:66,12
DA:67,4
DA:68,12
DA:69,4
DA:71,12
DA:73,12
DA:75,0
DA:76,0
DA:83,9
DA:84,4
DA:85,4
DA:86,4
DA:87,1
DA:89,3
DA:90,3
DA:92,3
DA:94,2
DA:96,0
DA:97,0
LF:41
LH:35
BRDA:13,0,0,2
BRDA:13,0,1,10
BRDA:16,1,0,1
BRDA:16,1,1,9
BRDA:19,2,0,5
BRDA:19,2,1,4
BRDA:19,3,0,9
BRDA:19,3,1,6
BRDA:66,4,0,4
BRDA:66,4,1,8
BRDA:66,5,0,12
BRDA:66,5,1,6
BRDA:68,6,0,4
BRDA:68,6,1,8
BRDA:68,7,0,12
BRDA:68,7,1,5
BRDA:86,8,0,1
BRDA:86,8,1,3
BRDA:92,9,0,1
BRDA:92,9,1,2
BRF:20
BRH:20
end_of_record
TN:
SF:controllers\expenseController.js
FN:9,(anonymous_0)
FN:67,(anonymous_1)
FN:99,(anonymous_2)
FN:114,(anonymous_3)
FN:130,(anonymous_4)
FN:155,(anonymous_5)
FN:204,(anonymous_6)
FNF:7
FNH:7
FNDA:14,(anonymous_0)
FNDA:5,(anonymous_1)
FNDA:3,(anonymous_2)
FNDA:2,(anonymous_3)
FNDA:3,(anonymous_4)
FNDA:11,(anonymous_5)
FNDA:3,(anonymous_6)
DA:9,9
DA:10,14
DA:11,14
DA:14,14
DA:15,6
DA:20,8
DA:21,1
DA:24,7
DA:25,2
DA:31,5
DA:32,5
DA:36,5
DA:37,1
DA:40,4
DA:42,4
DA:50,4
DA:51,4
DA:53,4
DA:58,0
DA:59,0
DA:67,9
DA:68,5
DA:69,5
DA:70,5
DA:72,5
DA:73,5
DA:74,3
DA:75,1
DA:77,2
DA:80,4
DA:85,4
DA:90,0
DA:91,0
DA:99,9
DA:100,3
DA:101,3
DA:103,3
DA:104,1
DA:107,2
DA:108,2
DA:114,2
DA:116,2
DA:122,0
DA:123,0
DA:130,9
DA:131,3
DA:132,3
DA:134,3
DA:135,1
DA:138,2
DA:139,2
DA:141,2
DA:142,1
DA:145,1
DA:147,0
DA:148,0
DA:155,9
DA:156,11
DA:157,11
DA:158,11
DA:160,11
DA:161,1
DA:164,10
DA:166,10
DA:167,6
DA:168,2
DA:170,4
DA:173,8
DA:174,5
DA:175,3
DA:177,2
DA:180,5
DA:181,5
DA:187,5
DA:188,1
DA:191,4
DA:196,0
DA:197,0
DA:204,9
DA:205,3
DA:206,3
DA:208,3
DA:209,1
DA:212,2
DA:213,2
DA:215,2
DA:216,1
DA:219,1
DA:221,0
DA:222,0
LF:90
LH:78
BRDA:14,0,0,6
BRDA:14,0,1,8
BRDA:14,1,0,14
BRDA:14,1,1,12
BRDA:14,1,2,11
BRDA:20,2,0,1
BRDA:20,2,1,7
BRDA:24,3,0,2
BRDA:24,3,1,5
BRDA:24,4,0,7
BRDA:24,4,1,7
BRDA:36,5,0,1
BRDA:36,5,1,4
BRDA:73,6,0,3
BRDA:73,6,1,2
BRDA:74,7,0,1
BRDA:74,7,1,2
BRDA:103,8,0,1
BRDA:103,8,1,2
BRDA:134,9,0,1
BRDA:134,9,1,2
BRDA:141,10,0,1
BRDA:141,10,1,1
BRDA:160,11,0,1
BRDA:160,11,1,10
BRDA:166,12,0,6
BRDA:166,12,1,4
BRDA:167,13,0,2
BRDA:167,13,1,4
BRDA:167,14,0,6
BRDA:167,14,1,5
BRDA:173,15,0,5
BRDA:173,15,1,3
BRDA:174,16,0,3
BRDA:174,16,1,2
BRDA:174,17,0,5
BRDA:174,17,1,4
BRDA:187,18,0,1
BRDA:187,18,1,4
BRDA:208,19,0,1
BRDA:208,19,1,2
BRDA:215,20,0,1
BRDA:215,20,1,1
BRF:43
BRH:43
end_of_record
TN:
SF:controllers\newsController.js
FN:9,(anonymous_0)
FN:62,(anonymous_1)
FN:94,(anonymous_2)
FN:122,(anonymous_3)
FN:151,(anonymous_4)
FN:176,(anonymous_5)
FN:232,(anonymous_6)
FNF:7
FNH:7
FNDA:12,(anonymous_0)
FNDA:5,(anonymous_1)
FNDA:5,(anonymous_2)
FNDA:6,(anonymous_3)
FNDA:4,(anonymous_4)
FNDA:7,(anonymous_5)
FNDA:3,(anonymous_6)
DA:9,9
DA:10,12
DA:11,12
DA:14,12
DA:15,4
DA:20,8
DA:21,1
DA:25,7
DA:26,7
DA:30,7
DA:31,2
DA:34,5
DA:36,5
DA:45,5
DA:46,5
DA:48,5
DA:53,0
DA:54,0
DA:62,9
DA:63,5
DA:64,5
DA:65,5
DA:67,5
DA:68,5
DA:69,4
DA:70,2
DA:72,2
DA:75,3
DA:80,3
DA:85,0
DA:86,0
DA:94,9
DA:95,5
DA:96,5
DA:98,5
DA:99,2
DA:102,3
DA:103,3
DA:108,3
DA:113,0
DA:114,0
DA:122,9
DA:123,6
DA:124,6
DA:125,6
DA:127,6
DA:128,6
DA:129,3
DA:132,3
DA:138,3
DA:143,0
DA:144,0
DA:151,9
DA:152,4
DA:153,4
DA:155,4
DA:156,2
DA:159,2
DA:160,2
DA:162,2
DA:163,1
DA:166,1
DA:168,0
DA:169,0
DA:176,9
DA:177,7
DA:178,7
DA:179,7
DA:181,7
DA:182,1
DA:185,6
DA:187,6
DA:188,4
DA:189,0
DA:191,4
DA:194,6
DA:195,2
DA:196,0
DA:198,2
DA:201,6
DA:202,2
DA:203,0
DA:205,2
DA:208,6
DA:209,6
DA:215,6
DA:216,2
DA:219,4
DA:224,0
DA:225,0
DA:232,9
DA:233,3
DA:234,3
DA:236,3
DA:237,1
DA:240,2
DA:241,2
DA:243,2
DA:244,1
DA:247,1
DA:249,0
DA:250,0
LF:102
LH:85
BRDA:14,0,0,4
BRDA:14,0,1,8
BRDA:14,1,0,12
BRDA:14,1,1,10
BRDA:14,1,2,9
BRDA:20,2,0,1
BRDA:20,2,1,7
BRDA:30,3,0,2
BRDA:30,3,1,5
BRDA:40,4,0,2
BRDA:40,4,1,3
BRDA:68,5,0,4
BRDA:68,5,1,1
BRDA:69,6,0,2
BRDA:69,6,1,2
BRDA:98,7,0,2
BRDA:98,7,1,3
BRDA:124,8,0,1
BRDA:128,9,0,3
BRDA:128,9,1,3
BRDA:128,10,0,6
BRDA:128,10,1,5
BRDA:155,11,0,2
BRDA:155,11,1,2
BRDA:162,12,0,1
BRDA:162,12,1,1
BRDA:181,13,0,1
BRDA:181,13,1,6
BRDA:187,14,0,4
BRDA:187,14,1,2
BRDA:188,15,0,0
BRDA:188,15,1,4
BRDA:188,16,0,4
BRDA:188,16,1,4
BRDA:194,17,0,2
BRDA:194,17,1,4
BRDA:195,18,0,0
BRDA:195,18,1,2
BRDA:195,19,0,2
BRDA:195,19,1,2
BRDA:201,20,0,2
BRDA:201,20,1,4
BRDA:202,21,0,0
BRDA:202,21,1,2
BRDA:215,22,0,2
BRDA:215,22,1,4
BRDA:236,23,0,1
BRDA:236,23,1,2
BRDA:243,24,0,1
BRDA:243,24,1,1
BRF:50
BRH:47
end_of_record
TN:
SF:controllers\userController.js
FN:5,(anonymous_0)
FN:57,(anonymous_1)
FN:107,(anonymous_2)
FN:132,(anonymous_3)
FN:224,(anonymous_4)
FNF:5
FNH:5
FNDA:295,(anonymous_0)
FNDA:272,(anonymous_1)
FNDA:1,(anonymous_2)
FNDA:6,(anonymous_3)
FNDA:4,(anonymous_4)
DA:5,9
DA:6,295
DA:7,295
DA:10,295
DA:11,6
DA:15,289
DA:16,289
DA:17,1
DA:21,288
DA:22,1
DA:25,287
DA:28,287
DA:29,287
DA:30,8
DA:34,279
DA:36,279
DA:46,279
DA:48,279
DA:53,0
DA:57,9
DA:58,272
DA:59,272
DA:62,272
DA:63,2
DA:66,270
DA:67,270
DA:69,270
DA:70,3
DA:74,267
DA:75,267
DA:76,3
DA:80,264
DA:90,264
DA:102,0
DA:107,9
DA:108,1
DA:109,1
DA:110,1
DA:112,1
DA:113,1
DA:115,1
DA:116,0
DA:120,1
DA:122,1
DA:127,0
DA:132,9
DA:133,6
DA:134,6
DA:135,6
DA:137,6
DA:138,6
DA:140,6
DA:142,6
DA:143,0
DA:146,6
DA:151,6
DA:152,2
DA:153,0
DA:155,2
DA:159,6
DA:161,1
DA:162,1
DA:163,0
DA:167,1
DA:172,1
DA:173,0
DA:176,1
DA:180,6
DA:181,3
DA:182,1
DA:186,2
DA:187,2
DA:188,1
DA:192,1
DA:193,1
DA:197,0
DA:201,3
DA:206,3
DA:207,0
DA:211,3
DA:212,3
DA:214,3
DA:219,0
DA:224,9
DA:225,4
DA:226,4
DA:227,4
DA:229,4
DA:232,4
DA:233,1
DA:236,3
DA:238,3
DA:239,1
DA:243,2
DA:244,1
DA:248,1
DA:250,1
DA:255,0
LF:98
LH:86
BRDA:10,0,0,6
BRDA:10,0,1,289
BRDA:10,1,0,295
BRDA:10,1,1,293
BRDA:10,1,2,291
BRDA:16,2,0,1
BRDA:16,2,1,288
BRDA:21,3,0,1
BRDA:21,3,1,287
BRDA:29,4,0,8
BRDA:29,4,1,279
BRDA:40,5,0,279
BRDA:40,5,1,54
BRDA:62,6,0,2
BRDA:62,6,1,270
BRDA:62,7,0,272
BRDA:62,7,1,271
BRDA:69,8,0,3
BRDA:69,8,1,267
BRDA:75,9,0,3
BRDA:75,9,1,264
BRDA:115,10,0,0
BRDA:115,10,1,1
BRDA:142,11,0,0
BRDA:142,11,1,6
BRDA:151,12,0,2
BRDA:151,12,1,4
BRDA:152,13,0,0
BRDA:152,13,1,2
BRDA:152,14,0,2
BRDA:152,14,1,2
BRDA:159,15,0,1
BRDA:159,15,1,5
BRDA:162,16,0,0
BRDA:162,16,1,1
BRDA:172,17,0,0
BRDA:172,17,1,1
BRDA:180,18,0,3
BRDA:180,18,1,3
BRDA:181,19,0,1
BRDA:181,19,1,2
BRDA:187,20,0,1
BRDA:187,20,1,1
BRDA:192,21,0,1
BRDA:192,21,1,0
BRDA:206,22,0,0
BRDA:206,22,1,3
BRDA:232,23,0,1
BRDA:232,23,1,3
BRDA:238,24,0,1
BRDA:238,24,1,2
BRDA:243,25,0,1
BRDA:243,25,1,1
BRDA:243,26,0,2
BRDA:243,26,1,1
BRF:55
BRH:48
end_of_record
TN:
SF:middlewares\authentication.js
FN:4,(anonymous_0)
FN:42,(anonymous_1)
FN:50,(anonymous_2)
FNF:3
FNH:3
FNDA:20,(anonymous_0)
FNDA:2,(anonymous_1)
FNDA:3,(anonymous_2)
DA:4,10
DA:5,20
DA:6,20
DA:8,20
DA:9,4
DA:13,16
DA:15,16
DA:16,1
DA:20,15
DA:23,12
DA:29,12
DA:31,3
DA:32,2
DA:34,1
DA:35,1
DA:37,0
DA:42,10
DA:43,2
DA:44,1
DA:46,1
DA:50,10
DA:51,3
DA:53,3
DA:54,2
DA:57,1
LF:25
LH:24
BRDA:8,0,0,4
BRDA:8,0,1,16
BRDA:15,1,0,1
BRDA:15,1,1,15
BRDA:31,2,0,2
BRDA:31,2,1,1
BRDA:34,3,0,1
BRDA:34,3,1,0
BRDA:43,4,0,1
BRDA:43,4,1,1
BRDA:51,5,0,3
BRDA:51,5,1,0
BRDA:53,6,0,2
BRDA:53,6,1,1
BRDA:53,7,0,3
BRDA:53,7,1,2
BRF:16
BRH:14
end_of_record
TN:
SF:middlewares\errorhandler.js
FN:4,(anonymous_0)
FN:5,(anonymous_1)
FN:15,validateActivityPayload
FN:32,validateVolunteerPayload
FN:45,(anonymous_4)
FNF:5
FNH:5
FNDA:20,(anonymous_0)
FNDA:15,(anonymous_1)
FNDA:18,validateActivityPayload
FNDA:14,validateVolunteerPayload
FNDA:1,(anonymous_4)
DA:4,9
DA:5,20
DA:6,15
DA:7,15
DA:8,2
DA:10,13
DA:16,18
DA:17,18
DA:18,16
DA:19,2
DA:20,16
DA:21,3
DA:22,16
DA:23,1
DA:24,16
DA:25,1
DA:26,16
DA:27,1
DA:28,16
DA:33,14
DA:34,14
DA:35,12
DA:36,3
DA:37,12
DA:38,3
DA:39,12
DA:45,9
DA:46,1
DA:47,1
DA:48,1
DA:52,1
LF:31
LH:31
BRDA:7,0,0,2
BRDA:7,0,1,13
BRDA:17,1,0,2
BRDA:17,1,1,16
BRDA:18,2,0,2
BRDA:18,2,1,14
BRDA:18,3,0,16
BRDA:18,3,1,15
BRDA:20,4,0,3
BRDA:20,4,1,13
BRDA:20,5,0,16
BRDA:20,5,1,14
BRDA:22,6,0,1
BRDA:22,6,1,15
BRDA:22,7,0,16
BRDA:22,7,1,7
BRDA:24,8,0,1
BRDA:24,8,1,15
BRDA:24,9,0,16
BRDA:24,9,1,7
BRDA:26,10,0,1
BRDA:26,10,1,15
BRDA:26,11,0,16
BRDA:26,11,1,5
BRDA:34,12,0,2
BRDA:34,12,1,12
BRDA:35,13,0,3
BRDA:35,13,1,9
BRDA:35,14,0,12
BRDA:35,14,1,11
BRDA:37,15,0,3
BRDA:37,15,1,9
BRDA:37,16,0,12
BRDA:37,16,1,11
BRDA:47,17,0,1
BRDA:47,17,1,0
BRDA:48,18,0,1
BRDA:48,18,1,0
BRF:38
BRH:36
end_of_record
TN:
SF:models\activityModel.js
FN:3,getActivityCollection
FNF:1
FNH:1
FNDA:46,getActivityCollection
DA:4,46
DA:5,46
LF:2
LH:2
BRF:0
BRH:0
end_of_record
TN:
SF:models\donationModel.js
FN:3,(anonymous_0)
FNF:1
FNH:1
FNDA:19,(anonymous_0)
DA:3,9
DA:4,19
DA:5,19
LF:3
LH:3
BRF:0
BRH:0
end_of_record
TN:
SF:models\expenseModel.js
FN:3,getExpenseCollection
FNF:1
FNH:1
FNDA:20,getExpenseCollection
DA:4,20
DA:5,20
LF:2
LH:2
BRF:0
BRH:0
end_of_record
TN:
SF:models\newsModel.js
FN:3,getNewsCollection
FNF:1
FNH:1
FNDA:29,getNewsCollection
DA:4,29
DA:5,29
LF:2
LH:2
BRF:0
BRH:0
end_of_record
TN:
SF:models\userModel.js
FN:3,getUserCollection
FNF:1
FNH:1
FNDA:568,getUserCollection
DA:4,568
DA:5,568
LF:2
LH:2
BRF:0
BRH:0
end_of_record
TN:
SF:routes\activityRoutes.js
FNF:0
FNH:0
DA:18,9
DA:21,9
DA:22,9
DA:25,9
DA:26,9
DA:27,9
DA:30,9
DA:31,9
DA:34,9
LF:9
LH:9
BRF:0
BRH:0
end_of_record
TN:
SF:routes\donationRoutes.js
FNF:0
FNH:0
DA:8,9
DA:10,9
DA:11,9
DA:12,9
LF:4
LH:4
BRF:0
BRH:0
end_of_record
TN:
SF:routes\expensesRoutes.js
FNF:0
FNH:0
DA:11,9
DA:14,9
DA:15,9
DA:18,9
DA:19,9
DA:20,9
DA:23,9
LF:7
LH:7
BRF:0
BRH:0
end_of_record
TN:
SF:routes\index.js
FNF:0
FNH:0
DA:3,9
DA:10,9
DA:11,9
DA:12,9
DA:13,9
DA:14,9
LF:6
LH:6
BRF:0
BRH:0
end_of_record
TN:
SF:routes\newsRouter.js
FNF:0
FNH:0
DA:12,9
DA:15,9
DA:16,9
DA:17,9
DA:20,9
DA:21,9
DA:22,9
DA:25,9
LF:8
LH:8
BRF:0
BRH:0
end_of_record
TN:
SF:routes\userRoutes.js
FNF:0
FNH:0
DA:11,9
DA:15,9
DA:18,9
DA:22,9
DA:25,9
DA:28,9
LF:6
LH:6
BRF:0
BRH:0
end_of_record
